OpenROAD v2.0-6895-g5c85b36f8 
This program is licensed under the BSD-3 license. See the LICENSE file for details.
Components of this program may be licensed under more restrictive licenses which must be honored.
[WARNING STA-0164] ./platforms/asap7/lib/asap7sc7p5t_SIMPLE_SLVT_FF_nldm_211120.lib.gz line 13156, timing group from output port.
[WARNING STA-0164] ./platforms/asap7/lib/asap7sc7p5t_SIMPLE_SLVT_FF_nldm_211120.lib.gz line 13189, timing group from output port.
[WARNING STA-0164] ./platforms/asap7/lib/asap7sc7p5t_SIMPLE_SLVT_FF_nldm_211120.lib.gz line 13222, timing group from output port.
[WARNING STA-0164] ./platforms/asap7/lib/asap7sc7p5t_SIMPLE_SLVT_FF_nldm_211120.lib.gz line 13255, timing group from output port.
[WARNING STA-0164] ./platforms/asap7/lib/asap7sc7p5t_SIMPLE_SLVT_FF_nldm_211120.lib.gz line 13288, timing group from output port.
[WARNING STA-0164] ./platforms/asap7/lib/asap7sc7p5t_SIMPLE_SLVT_FF_nldm_211120.lib.gz line 13321, timing group from output port.
[WARNING STA-0164] ./platforms/asap7/lib/asap7sc7p5t_SIMPLE_SLVT_FF_nldm_211120.lib.gz line 13354, timing group from output port.
[WARNING STA-0164] ./platforms/asap7/lib/asap7sc7p5t_SIMPLE_SLVT_FF_nldm_211120.lib.gz line 14748, timing group from output port.
[WARNING STA-0164] ./platforms/asap7/lib/asap7sc7p5t_SIMPLE_SLVT_FF_nldm_211120.lib.gz line 14781, timing group from output port.
[WARNING STA-0164] ./platforms/asap7/lib/asap7sc7p5t_SIMPLE_SLVT_FF_nldm_211120.lib.gz line 14814, timing group from output port.
[INFO ODB-0222] Reading LEF file: ./platforms/asap7/lef/asap7_tech_1x_201209.lef
[INFO ODB-0223]     Created 24 technology layers
[INFO ODB-0224]     Created 9 technology vias
[INFO ODB-0226] Finished LEF file:  ./platforms/asap7/lef/asap7_tech_1x_201209.lef
[INFO ODB-0222] Reading LEF file: ./platforms/asap7/lef/asap7sc7p5t_28_SL_1x_220121a.lef
[INFO ODB-0225]     Created 212 library cells
[INFO ODB-0226] Finished LEF file:  ./platforms/asap7/lef/asap7sc7p5t_28_SL_1x_220121a.lef
[INFO ODB-0222] Reading LEF file: ./platforms/asap7/lef/fakeram7_256x32.lef
[INFO ODB-0225]     Created 1 library cells
[INFO ODB-0226] Finished LEF file:  ./platforms/asap7/lef/fakeram7_256x32.lef

==========================================================================
Floorplan check_setup
--------------------------------------------------------------------------
number instances in verilog is 10127
[WARNING IFP-0028] Core area lower left (5.000, 5.000) snapped to (5.022, 5.130).
[INFO IFP-0001] Added 388 rows of 1944 sites.
[INFO RSZ-0026] Removed 967 buffers.
Default units for flow
 time 1ps
 capacitance 1fF
 resistance 1kohm
 voltage 1v
 current 1mA
 power 1pW
 distance 1um

==========================================================================
floorplan final check_setup
--------------------------------------------------------------------------

==========================================================================
floorplan final report_tns
--------------------------------------------------------------------------
tns -903801.44

==========================================================================
floorplan final report_wns
--------------------------------------------------------------------------
wns -908.31

==========================================================================
floorplan final report_worst_slack
--------------------------------------------------------------------------
worst slack -908.31

==========================================================================
floorplan final report_checks -path_delay min
--------------------------------------------------------------------------
Startpoint: valid (input port clocked by clk)
Endpoint: ready (output port clocked by clk)
Path Group: in2out
Path Type: min

Fanout     Cap    Slew   Delay    Time   Description
-----------------------------------------------------------------------------
                  0.00    0.00    0.00   clock clk (rise edge)
                          0.00    0.00   clock network delay (ideal)
                        162.50  162.50 ^ input external delay
                  0.00    0.00  162.50 ^ valid (in)
     1    0.51                           valid (net)
                  0.00    0.00  162.50 ^ _2_/A (BUFx2_ASAP7_75t_SL)
                  3.10    7.17  169.67 ^ _2_/Y (BUFx2_ASAP7_75t_SL)
     1    0.00                           ready (net)
                  3.10    0.00  169.67 ^ ready (out)
                                169.67   data arrival time

                  0.00    0.00    0.00   clock clk (rise edge)
                          0.00    0.00   clock network delay (ideal)
                          0.00    0.00   clock reconvergence pessimism
                       -162.50 -162.50   output external delay
                               -162.50   data required time
-----------------------------------------------------------------------------
                               -162.50   data required time
                               -169.67   data arrival time
-----------------------------------------------------------------------------
                                332.17   slack (MET)


Startpoint: instr[5] (input port clocked by clk)
Endpoint: dmem/dmem3 (rising edge-triggered flip-flop clocked by clk)
Path Group: in2reg
Path Type: min

Fanout     Cap    Slew   Delay    Time   Description
-----------------------------------------------------------------------------
                  0.00    0.00    0.00   clock clk (rise edge)
                          0.00    0.00   clock network delay (ideal)
                        162.50  162.50 v input external delay
                  0.00    0.00  162.50 v instr[5] (in)
     1    0.41                           instr[5] (net)
                  0.00    0.00  162.50 v pcmux/_053_/A2 (AO21x2_ASAP7_75t_SL)
                 12.79   14.94  177.44 v pcmux/_053_/Y (AO21x2_ASAP7_75t_SL)
     9    4.69                           instr_out[5] (net)
                 12.79    0.00  177.44 v riscv/c/md/_47_/B (AND3x1_ASAP7_75t_SL)
                 19.59   16.49  193.93 v riscv/c/md/_47_/Y (AND3x1_ASAP7_75t_SL)
     8    4.33                           memwrite (net)
                 19.59    0.00  193.93 v dmem/_141_/B (AND2x2_ASAP7_75t_SL)
                 13.86   17.33  211.26 v dmem/_141_/Y (AND2x2_ASAP7_75t_SL)
     1    5.00                           dmem/we_mem[3] (net)
                 10.39    0.00  211.26 v dmem/dmem3/we_in (fakeram7_256x32)
                                211.26   data arrival time

                  0.00    0.00    0.00   clock clk (rise edge)
                          0.00    0.00   clock network delay (ideal)
                          0.00    0.00   clock reconvergence pessimism
                                  0.00 ^ dmem/dmem3/clk (fakeram7_256x32)
                         50.00   50.00   library hold time
                                 50.00   data required time
-----------------------------------------------------------------------------
                                 50.00   data required time
                               -211.26   data arrival time
-----------------------------------------------------------------------------
                                161.26   slack (MET)


Startpoint: riscv/dp/pcreg/_68_ (rising edge-triggered flip-flop clocked by clk)
Endpoint: pc[1] (output port clocked by clk)
Path Group: reg2out
Path Type: min

Fanout     Cap    Slew   Delay    Time   Description
-----------------------------------------------------------------------------
                  0.00    0.00    0.00   clock clk (rise edge)
                          0.00    0.00   clock network delay (ideal)
                  0.00    0.00    0.00 ^ riscv/dp/pcreg/_68_/CLK (DFFASRHQNx1_ASAP7_75t_SL)
                 16.36   27.05   27.05 v riscv/dp/pcreg/_68_/QN (DFFASRHQNx1_ASAP7_75t_SL)
     1    1.64                           riscv/dp/pcreg/_30_ (net)
                 16.36    0.00   27.05 v riscv/dp/pcreg/_65_/A (INVx3_ASAP7_75t_SL)
                  7.25    4.60   31.65 ^ riscv/dp/pcreg/_65_/Y (INVx3_ASAP7_75t_SL)
     4    1.44                           pc[1] (net)
                  7.25    0.00   31.65 ^ pc[1] (out)
                                 31.65   data arrival time

                  0.00    0.00    0.00   clock clk (rise edge)
                          0.00    0.00   clock network delay (ideal)
                          0.00    0.00   clock reconvergence pessimism
                       -162.50 -162.50   output external delay
                               -162.50   data required time
-----------------------------------------------------------------------------
                               -162.50   data required time
                                -31.65   data arrival time
-----------------------------------------------------------------------------
                                194.15   slack (MET)


Startpoint: riscv/dp/rf/_13372_
            (falling edge-triggered flip-flop clocked by clk')
Endpoint: riscv/dp/rf/_13372_ (falling edge-triggered flip-flop clocked by clk')
Path Group: reg2reg
Path Type: min

Fanout     Cap    Slew   Delay    Time   Description
-----------------------------------------------------------------------------
                  0.00    0.00    0.00   clock clk' (fall edge)
                          0.00    0.00   clock network delay (ideal)
                  0.00    0.00    0.00 v riscv/dp/rf/_13372_/CLK (DFFLQNx1_ASAP7_75t_SL)
                 10.35   22.86   22.86 v riscv/dp/rf/_13372_/QN (DFFLQNx1_ASAP7_75t_SL)
     1    0.57                           riscv/dp/rf/_00671_ (net)
                 10.35    0.00   22.86 v riscv/dp/rf/_07125_/A (INVx1_ASAP7_75t_SL)
                  9.80    6.41   29.27 ^ riscv/dp/rf/_07125_/Y (INVx1_ASAP7_75t_SL)
     3    1.37                           riscv/dp/rf/_01377_ (net)
                  9.80    0.00   29.27 ^ riscv/dp/rf/_13372_/D (DFFLQNx1_ASAP7_75t_SL)
                                 29.27   data arrival time

                  0.00    0.00    0.00   clock clk' (fall edge)
                          0.00    0.00   clock network delay (ideal)
                          0.00    0.00   clock reconvergence pessimism
                                  0.00 v riscv/dp/rf/_13372_/CLK (DFFLQNx1_ASAP7_75t_SL)
                          6.91    6.91   library hold time
                                  6.91   data required time
-----------------------------------------------------------------------------
                                  6.91   data required time
                                -29.27   data arrival time
-----------------------------------------------------------------------------
                                 22.36   slack (MET)



==========================================================================
floorplan final report_checks -path_delay max
--------------------------------------------------------------------------
Startpoint: instr[0] (input port clocked by clk)
Endpoint: dataadr[31] (output port clocked by clk)
Path Group: in2out
Path Type: max

Fanout     Cap    Slew   Delay    Time   Description
-----------------------------------------------------------------------------
                  0.00    0.00    0.00   clock clk (rise edge)
                          0.00    0.00   clock network delay (ideal)
                        162.50  162.50 v input external delay
                  0.00    0.00  162.50 v instr[0] (in)
     1    0.68                           instr[0] (net)
                  0.00    0.00  162.50 v pcmux/_041_/A1 (AO21x1_ASAP7_75t_SL)
                 16.70   14.37  176.87 v pcmux/_041_/Y (AO21x1_ASAP7_75t_SL)
     4    3.08                           instr_out[0] (net)
                 16.70    0.00  176.87 v riscv/c/md/_37_/B (NAND2x1_ASAP7_75t_SL)
                 16.03    9.85  186.72 ^ riscv/c/md/_37_/Y (NAND2x1_ASAP7_75t_SL)
     2    1.88                           riscv/c/md/_10_ (net)
                 16.03    0.00  186.72 ^ riscv/c/md/_38_/B (NOR2x1_ASAP7_75t_SL)
                 23.63   12.90  199.62 v riscv/c/md/_38_/Y (NOR2x1_ASAP7_75t_SL)
     6    4.01                           riscv/c/md/_11_ (net)
                 23.63    0.00  199.62 v riscv/c/md/_39_/D (AND4x2_ASAP7_75t_SL)
                 55.13   36.88  236.50 v riscv/c/md/_39_/Y (AND4x2_ASAP7_75t_SL)
    44   25.20                           riscv/imm[2] (net)
                 55.13    0.00  236.50 v riscv/dp/rs1mux/_06_/A (INVx2_ASAP7_75t_SL)
                 22.01   12.69  249.19 ^ riscv/dp/rs1mux/_06_/Y (INVx2_ASAP7_75t_SL)
     5    3.41                           riscv/dp/rs1mux/_00_ (net)
                 22.01    0.00  249.19 ^ riscv/dp/rs1mux/_08_/A2 (AO21x2_ASAP7_75t_SL)
               1325.93  574.27  823.46 ^ riscv/dp/rs1mux/_08_/Y (AO21x2_ASAP7_75t_SL)
   678  534.33                           riscv/dp/rs1[0] (net)
               1325.93    0.00  823.46 ^ riscv/dp/rf/_07012_/A (INVx1_ASAP7_75t_SL)
                885.00  683.20 1506.66 v riscv/dp/rf/_07012_/Y (INVx1_ASAP7_75t_SL)
   201  126.85                           riscv/dp/rf/_02071_ (net)
                885.00    0.00 1506.66 v riscv/dp/rf/_07310_/C (OA211x2_ASAP7_75t_SL)
                 50.17  210.99 1717.65 v riscv/dp/rf/_07310_/Y (OA211x2_ASAP7_75t_SL)
     1    0.68                           riscv/dp/rf/_02363_ (net)
                 50.17    0.00 1717.65 v riscv/dp/rf/_07311_/C (OR3x1_ASAP7_75t_SL)
                 12.13   18.56 1736.21 v riscv/dp/rf/_07311_/Y (OR3x1_ASAP7_75t_SL)
     1    0.57                           riscv/dp/rf/_02364_ (net)
                 12.13    0.00 1736.21 v riscv/dp/rf/_07333_/B (AND5x1_ASAP7_75t_SL)
                  6.80   12.35 1748.57 v riscv/dp/rf/_07333_/Y (AND5x1_ASAP7_75t_SL)
     1    0.69                           riscv/dp/rf/_02385_ (net)
                  6.80    0.00 1748.57 v riscv/dp/rf/_07334_/B (AO21x1_ASAP7_75t_SL)
                 33.60   24.25 1772.82 v riscv/dp/rf/_07334_/Y (AO21x1_ASAP7_75t_SL)
     8    7.36                           riscv/dp/srca2[3] (net)
                 33.60    0.00 1772.82 v riscv/dp/alu/_744_/A (INVx1_ASAP7_75t_SL)
                 14.87    9.06 1781.87 ^ riscv/dp/alu/_744_/Y (INVx1_ASAP7_75t_SL)
     1    1.20                           riscv/dp/alu/_368_ (net)
                 14.87    0.00 1781.87 ^ riscv/dp/alu/_807_/A (HAxp5_ASAP7_75t_SL)
                 51.21   40.41 1822.28 ^ riscv/dp/alu/_807_/SN (HAxp5_ASAP7_75t_SL)
     5    4.96                           riscv/dp/alu/_078_ (net)
                 51.21    0.00 1822.28 ^ riscv/dp/alu/_547_/A2 (AO211x2_ASAP7_75t_SL)
                  8.94   18.96 1841.24 ^ riscv/dp/alu/_547_/Y (AO211x2_ASAP7_75t_SL)
     1    0.67                           riscv/dp/alu/_152_ (net)
                  8.94    0.00 1841.24 ^ riscv/dp/alu/_550_/A1 (OA21x2_ASAP7_75t_SL)
                 12.97   15.65 1856.89 ^ riscv/dp/alu/_550_/Y (OA21x2_ASAP7_75t_SL)
     3    3.74                           riscv/dp/alu/_323_ (net)
                 12.97    0.00 1856.89 ^ riscv/dp/alu/_552_/B2 (AO221x1_ASAP7_75t_SL)
                 14.87   15.99 1872.88 ^ riscv/dp/alu/_552_/Y (AO221x1_ASAP7_75t_SL)
     3    1.93                           riscv/dp/alu/_156_ (net)
                 14.87    0.00 1872.88 ^ riscv/dp/alu/_554_/B1 (OA22x2_ASAP7_75t_SL)
                 17.12   18.02 1890.90 ^ riscv/dp/alu/_554_/Y (OA22x2_ASAP7_75t_SL)
     6    5.26                           riscv/dp/alu/_158_ (net)
                 17.12    0.00 1890.90 ^ riscv/dp/alu/_573_/A1 (OAI21x1_ASAP7_75t_SL)
                 16.83    8.67 1899.57 v riscv/dp/alu/_573_/Y (OAI21x1_ASAP7_75t_SL)
     2    3.22                           riscv/dp/alu/_177_ (net)
                 16.83    0.00 1899.57 v riscv/dp/alu/_726_/A (INVx3_ASAP7_75t_SL)
                 10.05    6.41 1905.99 ^ riscv/dp/alu/_726_/Y (INVx3_ASAP7_75t_SL)
     2    3.15                           riscv/dp/alu/_357_ (net)
                 10.05    0.00 1905.99 ^ riscv/dp/alu/_734_/A1 (OA21x2_ASAP7_75t_SL)
                 10.10   14.35 1920.34 ^ riscv/dp/alu/_734_/Y (OA21x2_ASAP7_75t_SL)
     1    2.48                           riscv/dp/alu/_360_ (net)
                 10.10    0.00 1920.34 ^ riscv/dp/alu/_800_/B (FAx1_ASAP7_75t_SL)
                 23.86   11.84 1932.18 v riscv/dp/alu/_800_/CON (FAx1_ASAP7_75t_SL)
     1    1.19                           riscv/dp/alu/_071_ (net)
                 23.86    0.00 1932.18 v riscv/dp/alu/_739_/B (XOR2x2_ASAP7_75t_SL)
                  8.67   21.53 1953.71 ^ riscv/dp/alu/_739_/Y (XOR2x2_ASAP7_75t_SL)
     1    1.37                           riscv/dp/alu/_303_ (net)
                  8.67    0.00 1953.71 ^ riscv/dp/alu/_740_/B2 (OAI22x1_ASAP7_75t_SL)
                 57.84    5.09 1958.80 v riscv/dp/alu/_740_/Y (OAI22x1_ASAP7_75t_SL)
     1    0.58                           riscv/dp/alu/_304_ (net)
                 57.84    0.00 1958.80 v riscv/dp/alu/_741_/C (AO221x1_ASAP7_75t_SL)
                 11.09   22.15 1980.95 v riscv/dp/alu/_741_/Y (AO221x1_ASAP7_75t_SL)
     1    0.69                           riscv/dp/aluout2[31] (net)
                 11.09    0.00 1980.95 v riscv/dp/srccmux/_109_/A2 (AO21x1_ASAP7_75t_SL)
                 70.78   41.59 2022.54 v riscv/dp/srccmux/_109_/Y (AO21x1_ASAP7_75t_SL)
     9   16.55                           dataadr[31] (net)
                 70.78    0.00 2022.54 v dataadr[31] (out)
                               2022.54   data arrival time

                  0.00 1300.00 1300.00   clock clk (rise edge)
                          0.00 1300.00   clock network delay (ideal)
                          0.00 1300.00   clock reconvergence pessimism
                       -162.50 1137.50   output external delay
                               1137.50   data required time
-----------------------------------------------------------------------------
                               1137.50   data required time
                               -2022.54   data arrival time
-----------------------------------------------------------------------------
                               -885.04   slack (VIOLATED)


Startpoint: instr[0] (input port clocked by clk)
Endpoint: riscv/dp/rf/_13308_ (falling edge-triggered flip-flop clocked by clk')
Path Group: in2reg
Path Type: max

Fanout     Cap    Slew   Delay    Time   Description
-----------------------------------------------------------------------------
                  0.00    0.00    0.00   clock clk (rise edge)
                          0.00    0.00   clock network delay (ideal)
                        162.50  162.50 v input external delay
                  0.00    0.00  162.50 v instr[0] (in)
     1    0.68                           instr[0] (net)
                  0.00    0.00  162.50 v pcmux/_041_/A1 (AO21x1_ASAP7_75t_SL)
                 16.70   14.37  176.87 v pcmux/_041_/Y (AO21x1_ASAP7_75t_SL)
     4    3.08                           instr_out[0] (net)
                 16.70    0.00  176.87 v riscv/c/md/_37_/B (NAND2x1_ASAP7_75t_SL)
                 16.03    9.85  186.72 ^ riscv/c/md/_37_/Y (NAND2x1_ASAP7_75t_SL)
     2    1.88                           riscv/c/md/_10_ (net)
                 16.03    0.00  186.72 ^ riscv/c/md/_38_/B (NOR2x1_ASAP7_75t_SL)
                 23.63   12.90  199.62 v riscv/c/md/_38_/Y (NOR2x1_ASAP7_75t_SL)
     6    4.01                           riscv/c/md/_11_ (net)
                 23.63    0.00  199.62 v riscv/c/md/_39_/D (AND4x2_ASAP7_75t_SL)
                 55.13   36.88  236.50 v riscv/c/md/_39_/Y (AND4x2_ASAP7_75t_SL)
    44   25.20                           riscv/imm[2] (net)
                 55.13    0.00  236.50 v riscv/dp/rs1mux/_06_/A (INVx2_ASAP7_75t_SL)
                 22.01   12.69  249.19 ^ riscv/dp/rs1mux/_06_/Y (INVx2_ASAP7_75t_SL)
     5    3.41                           riscv/dp/rs1mux/_00_ (net)
                 22.01    0.00  249.19 ^ riscv/dp/rs1mux/_08_/A2 (AO21x2_ASAP7_75t_SL)
               1325.93  574.27  823.46 ^ riscv/dp/rs1mux/_08_/Y (AO21x2_ASAP7_75t_SL)
   678  534.33                           riscv/dp/rs1[0] (net)
               1325.93    0.00  823.46 ^ riscv/dp/rf/_07012_/A (INVx1_ASAP7_75t_SL)
                885.00  683.20 1506.66 v riscv/dp/rf/_07012_/Y (INVx1_ASAP7_75t_SL)
   201  126.85                           riscv/dp/rf/_02071_ (net)
                885.00    0.00 1506.66 v riscv/dp/rf/_07310_/C (OA211x2_ASAP7_75t_SL)
                 50.17  210.99 1717.65 v riscv/dp/rf/_07310_/Y (OA211x2_ASAP7_75t_SL)
     1    0.68                           riscv/dp/rf/_02363_ (net)
                 50.17    0.00 1717.65 v riscv/dp/rf/_07311_/C (OR3x1_ASAP7_75t_SL)
                 12.13   18.56 1736.21 v riscv/dp/rf/_07311_/Y (OR3x1_ASAP7_75t_SL)
     1    0.57                           riscv/dp/rf/_02364_ (net)
                 12.13    0.00 1736.21 v riscv/dp/rf/_07333_/B (AND5x1_ASAP7_75t_SL)
                  6.80   12.35 1748.57 v riscv/dp/rf/_07333_/Y (AND5x1_ASAP7_75t_SL)
     1    0.69                           riscv/dp/rf/_02385_ (net)
                  6.80    0.00 1748.57 v riscv/dp/rf/_07334_/B (AO21x1_ASAP7_75t_SL)
                 33.60   24.25 1772.82 v riscv/dp/rf/_07334_/Y (AO21x1_ASAP7_75t_SL)
     8    7.36                           riscv/dp/srca2[3] (net)
                 33.60    0.00 1772.82 v riscv/dp/alu/_744_/A (INVx1_ASAP7_75t_SL)
                 14.87    9.06 1781.87 ^ riscv/dp/alu/_744_/Y (INVx1_ASAP7_75t_SL)
     1    1.20                           riscv/dp/alu/_368_ (net)
                 14.87    0.00 1781.87 ^ riscv/dp/alu/_807_/A (HAxp5_ASAP7_75t_SL)
                 51.21   40.41 1822.28 ^ riscv/dp/alu/_807_/SN (HAxp5_ASAP7_75t_SL)
     5    4.96                           riscv/dp/alu/_078_ (net)
                 51.21    0.00 1822.28 ^ riscv/dp/alu/_547_/A2 (AO211x2_ASAP7_75t_SL)
                  8.94   18.96 1841.24 ^ riscv/dp/alu/_547_/Y (AO211x2_ASAP7_75t_SL)
     1    0.67                           riscv/dp/alu/_152_ (net)
                  8.94    0.00 1841.24 ^ riscv/dp/alu/_550_/A1 (OA21x2_ASAP7_75t_SL)
                 12.97   15.65 1856.89 ^ riscv/dp/alu/_550_/Y (OA21x2_ASAP7_75t_SL)
     3    3.74                           riscv/dp/alu/_323_ (net)
                 12.97    0.00 1856.89 ^ riscv/dp/alu/_552_/B2 (AO221x1_ASAP7_75t_SL)
                 14.87   15.99 1872.88 ^ riscv/dp/alu/_552_/Y (AO221x1_ASAP7_75t_SL)
     3    1.93                           riscv/dp/alu/_156_ (net)
                 14.87    0.00 1872.88 ^ riscv/dp/alu/_554_/B1 (OA22x2_ASAP7_75t_SL)
                 17.12   18.02 1890.90 ^ riscv/dp/alu/_554_/Y (OA22x2_ASAP7_75t_SL)
     6    5.26                           riscv/dp/alu/_158_ (net)
                 17.12    0.00 1890.90 ^ riscv/dp/alu/_573_/A1 (OAI21x1_ASAP7_75t_SL)
                 16.83    8.67 1899.57 v riscv/dp/alu/_573_/Y (OAI21x1_ASAP7_75t_SL)
     2    3.22                           riscv/dp/alu/_177_ (net)
                 16.83    0.00 1899.57 v riscv/dp/alu/_726_/A (INVx3_ASAP7_75t_SL)
                 10.05    6.41 1905.99 ^ riscv/dp/alu/_726_/Y (INVx3_ASAP7_75t_SL)
     2    3.15                           riscv/dp/alu/_357_ (net)
                 10.05    0.00 1905.99 ^ riscv/dp/alu/_734_/A1 (OA21x2_ASAP7_75t_SL)
                 10.10   14.35 1920.34 ^ riscv/dp/alu/_734_/Y (OA21x2_ASAP7_75t_SL)
     1    2.48                           riscv/dp/alu/_360_ (net)
                 10.10    0.00 1920.34 ^ riscv/dp/alu/_800_/B (FAx1_ASAP7_75t_SL)
                 23.86   11.84 1932.18 v riscv/dp/alu/_800_/CON (FAx1_ASAP7_75t_SL)
     1    1.19                           riscv/dp/alu/_071_ (net)
                 23.86    0.00 1932.18 v riscv/dp/alu/_739_/B (XOR2x2_ASAP7_75t_SL)
                  9.16   15.84 1948.02 v riscv/dp/alu/_739_/Y (XOR2x2_ASAP7_75t_SL)
     1    1.36                           riscv/dp/alu/_303_ (net)
                  9.16    0.00 1948.02 v riscv/dp/alu/_740_/B2 (OAI22x1_ASAP7_75t_SL)
                 58.93    7.58 1955.60 ^ riscv/dp/alu/_740_/Y (OAI22x1_ASAP7_75t_SL)
     1    0.58                           riscv/dp/alu/_304_ (net)
                 58.93    0.00 1955.60 ^ riscv/dp/alu/_741_/C (AO221x1_ASAP7_75t_SL)
                 11.93   15.25 1970.85 ^ riscv/dp/alu/_741_/Y (AO221x1_ASAP7_75t_SL)
     1    0.69                           riscv/dp/aluout2[31] (net)
                 11.93    0.00 1970.85 ^ riscv/dp/srccmux/_109_/A2 (AO21x1_ASAP7_75t_SL)
                 82.74   43.50 2014.36 ^ riscv/dp/srccmux/_109_/Y (AO21x1_ASAP7_75t_SL)
     9   16.51                           dataadr[31] (net)
                 82.74    0.00 2014.36 ^ dmem/_133_/C (NOR3x2_ASAP7_75t_SL)
                 42.95   24.97 2039.33 v dmem/_133_/Y (NOR3x2_ASAP7_75t_SL)
     3    6.13                           dmem/ce_mem[0] (net)
                 42.95    0.00 2039.33 v dmem/_145_/B2 (AO22x1_ASAP7_75t_SL)
                 10.44   19.28 2058.61 v dmem/_145_/Y (AO22x1_ASAP7_75t_SL)
     1    0.69                           dmem/_006_ (net)
                 10.44    0.00 2058.61 v dmem/_146_/B (AO21x2_ASAP7_75t_SL)
                  9.20   14.16 2072.77 v dmem/_146_/Y (AO21x2_ASAP7_75t_SL)
     3    1.84                           readdata[0] (net)
                  9.20    0.00 2072.77 v riscv/dp/halfbytemux1/_113_/A (AND2x2_ASAP7_75t_SL)
                  6.11   11.10 2083.87 v riscv/dp/halfbytemux1/_113_/Y (AND2x2_ASAP7_75t_SL)
     1    0.69                           riscv/dp/halfbytemux1/_003_ (net)
                  6.11    0.00 2083.87 v riscv/dp/halfbytemux1/_114_/B (AO21x1_ASAP7_75t_SL)
                  7.29   10.69 2094.56 v riscv/dp/halfbytemux1/_114_/Y (AO21x1_ASAP7_75t_SL)
     1    0.69                           riscv/dp/halfbytemux1/_004_ (net)
                  7.29    0.00 2094.56 v riscv/dp/halfbytemux1/_116_/A2 (AO21x1_ASAP7_75t_SL)
                  9.57    9.93 2104.50 v riscv/dp/halfbytemux1/_116_/Y (AO21x1_ASAP7_75t_SL)
     1    0.58                           riscv/dp/readdata4[0] (net)
                  9.57    0.00 2104.50 v riscv/dp/resmux/_040_/A (AND2x2_ASAP7_75t_SL)
                  9.52   11.18 2115.68 v riscv/dp/resmux/_040_/Y (AND2x2_ASAP7_75t_SL)
     1    0.69                           riscv/dp/resmux/_038_ (net)
                  9.52    0.00 2115.68 v riscv/dp/resmux/_041_/B (AO21x1_ASAP7_75t_SL)
                  8.56   11.10 2126.78 v riscv/dp/resmux/_041_/Y (AO21x1_ASAP7_75t_SL)
     1    0.68                           riscv/dp/result[0] (net)
                  8.56    0.00 2126.78 v riscv/dp/storepcmux/_041_/A1 (AO21x1_ASAP7_75t_SL)
                 88.58   50.17 2176.95 v riscv/dp/storepcmux/_041_/Y (AO21x1_ASAP7_75t_SL)
    31   20.95                           riscv/dp/result2[0] (net)
                 88.58    0.00 2176.95 v riscv/dp/rf/_11375_/A1 (AO21x1_ASAP7_75t_SL)
                 14.87   24.72 2201.67 v riscv/dp/rf/_11375_/Y (AO21x1_ASAP7_75t_SL)
     1    0.69                           riscv/dp/rf/_01313_ (net)
                 14.87    0.00 2201.67 v riscv/dp/rf/_13308_/D (DFFLQNx1_ASAP7_75t_SL)
                               2201.67   data arrival time

                  0.00 1300.00 1300.00   clock clk' (fall edge)
                          0.00 1300.00   clock network delay (ideal)
                          0.00 1300.00   clock reconvergence pessimism
                               1300.00 v riscv/dp/rf/_13308_/CLK (DFFLQNx1_ASAP7_75t_SL)
                         -6.64 1293.36   library setup time
                               1293.36   data required time
-----------------------------------------------------------------------------
                               1293.36   data required time
                               -2201.67   data arrival time
-----------------------------------------------------------------------------
                               -908.31   slack (VIOLATED)


Startpoint: riscv/dp/pcreg/_89_ (rising edge-triggered flip-flop clocked by clk)
Endpoint: dataadr[31] (output port clocked by clk)
Path Group: reg2out
Path Type: max

Fanout     Cap    Slew   Delay    Time   Description
-----------------------------------------------------------------------------
                  0.00    0.00    0.00   clock clk (rise edge)
                          0.00    0.00   clock network delay (ideal)
                  0.00    0.00    0.00 ^ riscv/dp/pcreg/_89_/CLK (DFFASRHQNx1_ASAP7_75t_SL)
                 18.85   30.42   30.42 ^ riscv/dp/pcreg/_89_/QN (DFFASRHQNx1_ASAP7_75t_SL)
     1    2.13                           riscv/dp/pcreg/_09_ (net)
                 18.85    0.00   30.42 ^ riscv/dp/pcreg/_44_/A (INVx3_ASAP7_75t_SL)
                 11.69    6.66   37.08 v riscv/dp/pcreg/_44_/Y (INVx3_ASAP7_75t_SL)
     5    4.82                           pc[22] (net)
                 11.69    0.00   37.08 v boot/_16_/C (OR4x1_ASAP7_75t_SL)
                  8.60   17.34   54.42 v boot/_16_/Y (OR4x1_ASAP7_75t_SL)
     1    0.61                           boot/_03_ (net)
                  8.60    0.00   54.42 v boot/_17_/E (OR5x1_ASAP7_75t_SL)
                 12.51   23.16   77.58 v boot/_17_/Y (OR5x1_ASAP7_75t_SL)
     1    1.20                           boot/_04_ (net)
                 12.51    0.00   77.58 v boot/_18_/B (NOR2x1_ASAP7_75t_SL)
                 13.65    8.01   85.59 ^ boot/_18_/Y (NOR2x1_ASAP7_75t_SL)
     3    1.86                           boot/_05_ (net)
                 13.65    0.00   85.59 ^ boot/_27_/B (AND5x1_ASAP7_75t_SL)
                 18.55   23.36  108.96 ^ boot/_27_/Y (AND5x1_ASAP7_75t_SL)
     4    2.51                           instr_int[17] (net)
                 18.55    0.00  108.96 ^ pcmux/_054_/B (AND2x2_ASAP7_75t_SL)
                  6.65   11.85  120.80 ^ pcmux/_054_/Y (AND2x2_ASAP7_75t_SL)
     1    0.69                           pcmux/_007_ (net)
                  6.65    0.00  120.80 ^ pcmux/_055_/B (AO21x2_ASAP7_75t_SL)
                 16.11   12.98  133.79 ^ pcmux/_055_/Y (AO21x2_ASAP7_75t_SL)
     6    4.53                           instr_out[6] (net)
                 16.11    0.00  133.79 ^ riscv/c/md/_28_/A (INVx1_ASAP7_75t_SL)
                 12.70    7.59  141.38 v riscv/c/md/_28_/Y (INVx1_ASAP7_75t_SL)
     3    2.06                           riscv/c/md/_03_ (net)
                 12.70    0.00  141.38 v riscv/c/md/_39_/B (AND4x2_ASAP7_75t_SL)
                 55.13   34.17  175.55 v riscv/c/md/_39_/Y (AND4x2_ASAP7_75t_SL)
    44   25.20                           riscv/imm[2] (net)
                 55.13    0.00  175.55 v riscv/dp/rs1mux/_06_/A (INVx2_ASAP7_75t_SL)
                 22.01   12.69  188.24 ^ riscv/dp/rs1mux/_06_/Y (INVx2_ASAP7_75t_SL)
     5    3.41                           riscv/dp/rs1mux/_00_ (net)
                 22.01    0.00  188.24 ^ riscv/dp/rs1mux/_08_/A2 (AO21x2_ASAP7_75t_SL)
               1325.93  574.27  762.51 ^ riscv/dp/rs1mux/_08_/Y (AO21x2_ASAP7_75t_SL)
   678  534.33                           riscv/dp/rs1[0] (net)
               1325.93    0.00  762.51 ^ riscv/dp/rf/_07012_/A (INVx1_ASAP7_75t_SL)
                885.00  683.20 1445.72 v riscv/dp/rf/_07012_/Y (INVx1_ASAP7_75t_SL)
   201  126.85                           riscv/dp/rf/_02071_ (net)
                885.00    0.00 1445.72 v riscv/dp/rf/_07310_/C (OA211x2_ASAP7_75t_SL)
                 50.17  210.99 1656.70 v riscv/dp/rf/_07310_/Y (OA211x2_ASAP7_75t_SL)
     1    0.68                           riscv/dp/rf/_02363_ (net)
                 50.17    0.00 1656.70 v riscv/dp/rf/_07311_/C (OR3x1_ASAP7_75t_SL)
                 12.13   18.56 1675.27 v riscv/dp/rf/_07311_/Y (OR3x1_ASAP7_75t_SL)
     1    0.57                           riscv/dp/rf/_02364_ (net)
                 12.13    0.00 1675.27 v riscv/dp/rf/_07333_/B (AND5x1_ASAP7_75t_SL)
                  6.80   12.35 1687.62 v riscv/dp/rf/_07333_/Y (AND5x1_ASAP7_75t_SL)
     1    0.69                           riscv/dp/rf/_02385_ (net)
                  6.80    0.00 1687.62 v riscv/dp/rf/_07334_/B (AO21x1_ASAP7_75t_SL)
                 33.60   24.25 1711.87 v riscv/dp/rf/_07334_/Y (AO21x1_ASAP7_75t_SL)
     8    7.36                           riscv/dp/srca2[3] (net)
                 33.60    0.00 1711.87 v riscv/dp/alu/_744_/A (INVx1_ASAP7_75t_SL)
                 14.87    9.06 1720.93 ^ riscv/dp/alu/_744_/Y (INVx1_ASAP7_75t_SL)
     1    1.20                           riscv/dp/alu/_368_ (net)
                 14.87    0.00 1720.93 ^ riscv/dp/alu/_807_/A (HAxp5_ASAP7_75t_SL)
                 51.21   40.41 1761.33 ^ riscv/dp/alu/_807_/SN (HAxp5_ASAP7_75t_SL)
     5    4.96                           riscv/dp/alu/_078_ (net)
                 51.21    0.00 1761.33 ^ riscv/dp/alu/_547_/A2 (AO211x2_ASAP7_75t_SL)
                  8.94   18.96 1780.29 ^ riscv/dp/alu/_547_/Y (AO211x2_ASAP7_75t_SL)
     1    0.67                           riscv/dp/alu/_152_ (net)
                  8.94    0.00 1780.29 ^ riscv/dp/alu/_550_/A1 (OA21x2_ASAP7_75t_SL)
                 12.97   15.65 1795.94 ^ riscv/dp/alu/_550_/Y (OA21x2_ASAP7_75t_SL)
     3    3.74                           riscv/dp/alu/_323_ (net)
                 12.97    0.00 1795.94 ^ riscv/dp/alu/_552_/B2 (AO221x1_ASAP7_75t_SL)
                 14.87   15.99 1811.93 ^ riscv/dp/alu/_552_/Y (AO221x1_ASAP7_75t_SL)
     3    1.93                           riscv/dp/alu/_156_ (net)
                 14.87    0.00 1811.93 ^ riscv/dp/alu/_554_/B1 (OA22x2_ASAP7_75t_SL)
                 17.12   18.02 1829.95 ^ riscv/dp/alu/_554_/Y (OA22x2_ASAP7_75t_SL)
     6    5.26                           riscv/dp/alu/_158_ (net)
                 17.12    0.00 1829.95 ^ riscv/dp/alu/_573_/A1 (OAI21x1_ASAP7_75t_SL)
                 16.83    8.67 1838.63 v riscv/dp/alu/_573_/Y (OAI21x1_ASAP7_75t_SL)
     2    3.22                           riscv/dp/alu/_177_ (net)
                 16.83    0.00 1838.63 v riscv/dp/alu/_726_/A (INVx3_ASAP7_75t_SL)
                 10.05    6.41 1845.04 ^ riscv/dp/alu/_726_/Y (INVx3_ASAP7_75t_SL)
     2    3.15                           riscv/dp/alu/_357_ (net)
                 10.05    0.00 1845.04 ^ riscv/dp/alu/_734_/A1 (OA21x2_ASAP7_75t_SL)
                 10.10   14.35 1859.39 ^ riscv/dp/alu/_734_/Y (OA21x2_ASAP7_75t_SL)
     1    2.48                           riscv/dp/alu/_360_ (net)
                 10.10    0.00 1859.39 ^ riscv/dp/alu/_800_/B (FAx1_ASAP7_75t_SL)
                 23.86   11.84 1871.24 v riscv/dp/alu/_800_/CON (FAx1_ASAP7_75t_SL)
     1    1.19                           riscv/dp/alu/_071_ (net)
                 23.86    0.00 1871.24 v riscv/dp/alu/_739_/B (XOR2x2_ASAP7_75t_SL)
                  8.67   21.53 1892.76 ^ riscv/dp/alu/_739_/Y (XOR2x2_ASAP7_75t_SL)
     1    1.37                           riscv/dp/alu/_303_ (net)
                  8.67    0.00 1892.76 ^ riscv/dp/alu/_740_/B2 (OAI22x1_ASAP7_75t_SL)
                 57.84    5.09 1897.85 v riscv/dp/alu/_740_/Y (OAI22x1_ASAP7_75t_SL)
     1    0.58                           riscv/dp/alu/_304_ (net)
                 57.84    0.00 1897.85 v riscv/dp/alu/_741_/C (AO221x1_ASAP7_75t_SL)
                 11.09   22.15 1920.01 v riscv/dp/alu/_741_/Y (AO221x1_ASAP7_75t_SL)
     1    0.69                           riscv/dp/aluout2[31] (net)
                 11.09    0.00 1920.01 v riscv/dp/srccmux/_109_/A2 (AO21x1_ASAP7_75t_SL)
                 70.78   41.59 1961.59 v riscv/dp/srccmux/_109_/Y (AO21x1_ASAP7_75t_SL)
     9   16.55                           dataadr[31] (net)
                 70.78    0.00 1961.59 v dataadr[31] (out)
                               1961.59   data arrival time

                  0.00 1300.00 1300.00   clock clk (rise edge)
                          0.00 1300.00   clock network delay (ideal)
                          0.00 1300.00   clock reconvergence pessimism
                       -162.50 1137.50   output external delay
                               1137.50   data required time
-----------------------------------------------------------------------------
                               1137.50   data required time
                               -1961.59   data arrival time
-----------------------------------------------------------------------------
                               -824.09   slack (VIOLATED)


Startpoint: riscv/dp/pcreg/_89_ (rising edge-triggered flip-flop clocked by clk)
Endpoint: riscv/dp/rf/_13308_ (falling edge-triggered flip-flop clocked by clk')
Path Group: reg2reg
Path Type: max

Fanout     Cap    Slew   Delay    Time   Description
-----------------------------------------------------------------------------
                  0.00    0.00    0.00   clock clk (rise edge)
                          0.00    0.00   clock network delay (ideal)
                  0.00    0.00    0.00 ^ riscv/dp/pcreg/_89_/CLK (DFFASRHQNx1_ASAP7_75t_SL)
                 18.85   30.42   30.42 ^ riscv/dp/pcreg/_89_/QN (DFFASRHQNx1_ASAP7_75t_SL)
     1    2.13                           riscv/dp/pcreg/_09_ (net)
                 18.85    0.00   30.42 ^ riscv/dp/pcreg/_44_/A (INVx3_ASAP7_75t_SL)
                 11.69    6.66   37.08 v riscv/dp/pcreg/_44_/Y (INVx3_ASAP7_75t_SL)
     5    4.82                           pc[22] (net)
                 11.69    0.00   37.08 v boot/_16_/C (OR4x1_ASAP7_75t_SL)
                  8.60   17.34   54.42 v boot/_16_/Y (OR4x1_ASAP7_75t_SL)
     1    0.61                           boot/_03_ (net)
                  8.60    0.00   54.42 v boot/_17_/E (OR5x1_ASAP7_75t_SL)
                 12.51   23.16   77.58 v boot/_17_/Y (OR5x1_ASAP7_75t_SL)
     1    1.20                           boot/_04_ (net)
                 12.51    0.00   77.58 v boot/_18_/B (NOR2x1_ASAP7_75t_SL)
                 13.65    8.01   85.59 ^ boot/_18_/Y (NOR2x1_ASAP7_75t_SL)
     3    1.86                           boot/_05_ (net)
                 13.65    0.00   85.59 ^ boot/_27_/B (AND5x1_ASAP7_75t_SL)
                 18.55   23.36  108.96 ^ boot/_27_/Y (AND5x1_ASAP7_75t_SL)
     4    2.51                           instr_int[17] (net)
                 18.55    0.00  108.96 ^ pcmux/_054_/B (AND2x2_ASAP7_75t_SL)
                  6.65   11.85  120.80 ^ pcmux/_054_/Y (AND2x2_ASAP7_75t_SL)
     1    0.69                           pcmux/_007_ (net)
                  6.65    0.00  120.80 ^ pcmux/_055_/B (AO21x2_ASAP7_75t_SL)
                 16.11   12.98  133.79 ^ pcmux/_055_/Y (AO21x2_ASAP7_75t_SL)
     6    4.53                           instr_out[6] (net)
                 16.11    0.00  133.79 ^ riscv/c/md/_28_/A (INVx1_ASAP7_75t_SL)
                 12.70    7.59  141.38 v riscv/c/md/_28_/Y (INVx1_ASAP7_75t_SL)
     3    2.06                           riscv/c/md/_03_ (net)
                 12.70    0.00  141.38 v riscv/c/md/_39_/B (AND4x2_ASAP7_75t_SL)
                 55.13   34.17  175.55 v riscv/c/md/_39_/Y (AND4x2_ASAP7_75t_SL)
    44   25.20                           riscv/imm[2] (net)
                 55.13    0.00  175.55 v riscv/dp/rs1mux/_06_/A (INVx2_ASAP7_75t_SL)
                 22.01   12.69  188.24 ^ riscv/dp/rs1mux/_06_/Y (INVx2_ASAP7_75t_SL)
     5    3.41                           riscv/dp/rs1mux/_00_ (net)
                 22.01    0.00  188.24 ^ riscv/dp/rs1mux/_08_/A2 (AO21x2_ASAP7_75t_SL)
               1325.93  574.27  762.51 ^ riscv/dp/rs1mux/_08_/Y (AO21x2_ASAP7_75t_SL)
   678  534.33                           riscv/dp/rs1[0] (net)
               1325.93    0.00  762.51 ^ riscv/dp/rf/_07012_/A (INVx1_ASAP7_75t_SL)
                885.00  683.20 1445.72 v riscv/dp/rf/_07012_/Y (INVx1_ASAP7_75t_SL)
   201  126.85                           riscv/dp/rf/_02071_ (net)
                885.00    0.00 1445.72 v riscv/dp/rf/_07310_/C (OA211x2_ASAP7_75t_SL)
                 50.17  210.99 1656.70 v riscv/dp/rf/_07310_/Y (OA211x2_ASAP7_75t_SL)
     1    0.68                           riscv/dp/rf/_02363_ (net)
                 50.17    0.00 1656.70 v riscv/dp/rf/_07311_/C (OR3x1_ASAP7_75t_SL)
                 12.13   18.56 1675.27 v riscv/dp/rf/_07311_/Y (OR3x1_ASAP7_75t_SL)
     1    0.57                           riscv/dp/rf/_02364_ (net)
                 12.13    0.00 1675.27 v riscv/dp/rf/_07333_/B (AND5x1_ASAP7_75t_SL)
                  6.80   12.35 1687.62 v riscv/dp/rf/_07333_/Y (AND5x1_ASAP7_75t_SL)
     1    0.69                           riscv/dp/rf/_02385_ (net)
                  6.80    0.00 1687.62 v riscv/dp/rf/_07334_/B (AO21x1_ASAP7_75t_SL)
                 33.60   24.25 1711.87 v riscv/dp/rf/_07334_/Y (AO21x1_ASAP7_75t_SL)
     8    7.36                           riscv/dp/srca2[3] (net)
                 33.60    0.00 1711.87 v riscv/dp/alu/_744_/A (INVx1_ASAP7_75t_SL)
                 14.87    9.06 1720.93 ^ riscv/dp/alu/_744_/Y (INVx1_ASAP7_75t_SL)
     1    1.20                           riscv/dp/alu/_368_ (net)
                 14.87    0.00 1720.93 ^ riscv/dp/alu/_807_/A (HAxp5_ASAP7_75t_SL)
                 51.21   40.41 1761.33 ^ riscv/dp/alu/_807_/SN (HAxp5_ASAP7_75t_SL)
     5    4.96                           riscv/dp/alu/_078_ (net)
                 51.21    0.00 1761.33 ^ riscv/dp/alu/_547_/A2 (AO211x2_ASAP7_75t_SL)
                  8.94   18.96 1780.29 ^ riscv/dp/alu/_547_/Y (AO211x2_ASAP7_75t_SL)
     1    0.67                           riscv/dp/alu/_152_ (net)
                  8.94    0.00 1780.29 ^ riscv/dp/alu/_550_/A1 (OA21x2_ASAP7_75t_SL)
                 12.97   15.65 1795.94 ^ riscv/dp/alu/_550_/Y (OA21x2_ASAP7_75t_SL)
     3    3.74                           riscv/dp/alu/_323_ (net)
                 12.97    0.00 1795.94 ^ riscv/dp/alu/_552_/B2 (AO221x1_ASAP7_75t_SL)
                 14.87   15.99 1811.93 ^ riscv/dp/alu/_552_/Y (AO221x1_ASAP7_75t_SL)
     3    1.93                           riscv/dp/alu/_156_ (net)
                 14.87    0.00 1811.93 ^ riscv/dp/alu/_554_/B1 (OA22x2_ASAP7_75t_SL)
                 17.12   18.02 1829.95 ^ riscv/dp/alu/_554_/Y (OA22x2_ASAP7_75t_SL)
     6    5.26                           riscv/dp/alu/_158_ (net)
                 17.12    0.00 1829.95 ^ riscv/dp/alu/_573_/A1 (OAI21x1_ASAP7_75t_SL)
                 16.83    8.67 1838.63 v riscv/dp/alu/_573_/Y (OAI21x1_ASAP7_75t_SL)
     2    3.22                           riscv/dp/alu/_177_ (net)
                 16.83    0.00 1838.63 v riscv/dp/alu/_726_/A (INVx3_ASAP7_75t_SL)
                 10.05    6.41 1845.04 ^ riscv/dp/alu/_726_/Y (INVx3_ASAP7_75t_SL)
     2    3.15                           riscv/dp/alu/_357_ (net)
                 10.05    0.00 1845.04 ^ riscv/dp/alu/_734_/A1 (OA21x2_ASAP7_75t_SL)
                 10.10   14.35 1859.39 ^ riscv/dp/alu/_734_/Y (OA21x2_ASAP7_75t_SL)
     1    2.48                           riscv/dp/alu/_360_ (net)
                 10.10    0.00 1859.39 ^ riscv/dp/alu/_800_/B (FAx1_ASAP7_75t_SL)
                 23.86   11.84 1871.24 v riscv/dp/alu/_800_/CON (FAx1_ASAP7_75t_SL)
     1    1.19                           riscv/dp/alu/_071_ (net)
                 23.86    0.00 1871.24 v riscv/dp/alu/_739_/B (XOR2x2_ASAP7_75t_SL)
                  9.16   15.84 1887.07 v riscv/dp/alu/_739_/Y (XOR2x2_ASAP7_75t_SL)
     1    1.36                           riscv/dp/alu/_303_ (net)
                  9.16    0.00 1887.07 v riscv/dp/alu/_740_/B2 (OAI22x1_ASAP7_75t_SL)
                 58.93    7.58 1894.65 ^ riscv/dp/alu/_740_/Y (OAI22x1_ASAP7_75t_SL)
     1    0.58                           riscv/dp/alu/_304_ (net)
                 58.93    0.00 1894.65 ^ riscv/dp/alu/_741_/C (AO221x1_ASAP7_75t_SL)
                 11.93   15.25 1909.91 ^ riscv/dp/alu/_741_/Y (AO221x1_ASAP7_75t_SL)
     1    0.69                           riscv/dp/aluout2[31] (net)
                 11.93    0.00 1909.91 ^ riscv/dp/srccmux/_109_/A2 (AO21x1_ASAP7_75t_SL)
                 82.74   43.50 1953.41 ^ riscv/dp/srccmux/_109_/Y (AO21x1_ASAP7_75t_SL)
     9   16.51                           dataadr[31] (net)
                 82.74    0.00 1953.41 ^ dmem/_133_/C (NOR3x2_ASAP7_75t_SL)
                 42.95   24.97 1978.38 v dmem/_133_/Y (NOR3x2_ASAP7_75t_SL)
     3    6.13                           dmem/ce_mem[0] (net)
                 42.95    0.00 1978.38 v dmem/_145_/B2 (AO22x1_ASAP7_75t_SL)
                 10.44   19.28 1997.66 v dmem/_145_/Y (AO22x1_ASAP7_75t_SL)
     1    0.69                           dmem/_006_ (net)
                 10.44    0.00 1997.66 v dmem/_146_/B (AO21x2_ASAP7_75t_SL)
                  9.20   14.16 2011.83 v dmem/_146_/Y (AO21x2_ASAP7_75t_SL)
     3    1.84                           readdata[0] (net)
                  9.20    0.00 2011.83 v riscv/dp/halfbytemux1/_113_/A (AND2x2_ASAP7_75t_SL)
                  6.11   11.10 2022.92 v riscv/dp/halfbytemux1/_113_/Y (AND2x2_ASAP7_75t_SL)
     1    0.69                           riscv/dp/halfbytemux1/_003_ (net)
                  6.11    0.00 2022.92 v riscv/dp/halfbytemux1/_114_/B (AO21x1_ASAP7_75t_SL)
                  7.29   10.69 2033.61 v riscv/dp/halfbytemux1/_114_/Y (AO21x1_ASAP7_75t_SL)
     1    0.69                           riscv/dp/halfbytemux1/_004_ (net)
                  7.29    0.00 2033.61 v riscv/dp/halfbytemux1/_116_/A2 (AO21x1_ASAP7_75t_SL)
                  9.57    9.93 2043.55 v riscv/dp/halfbytemux1/_116_/Y (AO21x1_ASAP7_75t_SL)
     1    0.58                           riscv/dp/readdata4[0] (net)
                  9.57    0.00 2043.55 v riscv/dp/resmux/_040_/A (AND2x2_ASAP7_75t_SL)
                  9.52   11.18 2054.73 v riscv/dp/resmux/_040_/Y (AND2x2_ASAP7_75t_SL)
     1    0.69                           riscv/dp/resmux/_038_ (net)
                  9.52    0.00 2054.73 v riscv/dp/resmux/_041_/B (AO21x1_ASAP7_75t_SL)
                  8.56   11.10 2065.84 v riscv/dp/resmux/_041_/Y (AO21x1_ASAP7_75t_SL)
     1    0.68                           riscv/dp/result[0] (net)
                  8.56    0.00 2065.84 v riscv/dp/storepcmux/_041_/A1 (AO21x1_ASAP7_75t_SL)
                 88.58   50.17 2116.01 v riscv/dp/storepcmux/_041_/Y (AO21x1_ASAP7_75t_SL)
    31   20.95                           riscv/dp/result2[0] (net)
                 88.58    0.00 2116.01 v riscv/dp/rf/_11375_/A1 (AO21x1_ASAP7_75t_SL)
                 14.87   24.72 2140.72 v riscv/dp/rf/_11375_/Y (AO21x1_ASAP7_75t_SL)
     1    0.69                           riscv/dp/rf/_01313_ (net)
                 14.87    0.00 2140.72 v riscv/dp/rf/_13308_/D (DFFLQNx1_ASAP7_75t_SL)
                               2140.72   data arrival time

                  0.00 1300.00 1300.00   clock clk' (fall edge)
                          0.00 1300.00   clock network delay (ideal)
                          0.00 1300.00   clock reconvergence pessimism
                               1300.00 v riscv/dp/rf/_13308_/CLK (DFFLQNx1_ASAP7_75t_SL)
                         -6.64 1293.36   library setup time
                               1293.36   data required time
-----------------------------------------------------------------------------
                               1293.36   data required time
                               -2140.72   data arrival time
-----------------------------------------------------------------------------
                               -847.36   slack (VIOLATED)



==========================================================================
floorplan final report_checks -unconstrained
--------------------------------------------------------------------------
Startpoint: instr[0] (input port clocked by clk)
Endpoint: dataadr[31] (output port clocked by clk)
Path Group: in2out
Path Type: max

Fanout     Cap    Slew   Delay    Time   Description
-----------------------------------------------------------------------------
                  0.00    0.00    0.00   clock clk (rise edge)
                          0.00    0.00   clock network delay (ideal)
                        162.50  162.50 v input external delay
                  0.00    0.00  162.50 v instr[0] (in)
     1    0.68                           instr[0] (net)
                  0.00    0.00  162.50 v pcmux/_041_/A1 (AO21x1_ASAP7_75t_SL)
                 16.70   14.37  176.87 v pcmux/_041_/Y (AO21x1_ASAP7_75t_SL)
     4    3.08                           instr_out[0] (net)
                 16.70    0.00  176.87 v riscv/c/md/_37_/B (NAND2x1_ASAP7_75t_SL)
                 16.03    9.85  186.72 ^ riscv/c/md/_37_/Y (NAND2x1_ASAP7_75t_SL)
     2    1.88                           riscv/c/md/_10_ (net)
                 16.03    0.00  186.72 ^ riscv/c/md/_38_/B (NOR2x1_ASAP7_75t_SL)
                 23.63   12.90  199.62 v riscv/c/md/_38_/Y (NOR2x1_ASAP7_75t_SL)
     6    4.01                           riscv/c/md/_11_ (net)
                 23.63    0.00  199.62 v riscv/c/md/_39_/D (AND4x2_ASAP7_75t_SL)
                 55.13   36.88  236.50 v riscv/c/md/_39_/Y (AND4x2_ASAP7_75t_SL)
    44   25.20                           riscv/imm[2] (net)
                 55.13    0.00  236.50 v riscv/dp/rs1mux/_06_/A (INVx2_ASAP7_75t_SL)
                 22.01   12.69  249.19 ^ riscv/dp/rs1mux/_06_/Y (INVx2_ASAP7_75t_SL)
     5    3.41                           riscv/dp/rs1mux/_00_ (net)
                 22.01    0.00  249.19 ^ riscv/dp/rs1mux/_08_/A2 (AO21x2_ASAP7_75t_SL)
               1325.93  574.27  823.46 ^ riscv/dp/rs1mux/_08_/Y (AO21x2_ASAP7_75t_SL)
   678  534.33                           riscv/dp/rs1[0] (net)
               1325.93    0.00  823.46 ^ riscv/dp/rf/_07012_/A (INVx1_ASAP7_75t_SL)
                885.00  683.20 1506.66 v riscv/dp/rf/_07012_/Y (INVx1_ASAP7_75t_SL)
   201  126.85                           riscv/dp/rf/_02071_ (net)
                885.00    0.00 1506.66 v riscv/dp/rf/_07310_/C (OA211x2_ASAP7_75t_SL)
                 50.17  210.99 1717.65 v riscv/dp/rf/_07310_/Y (OA211x2_ASAP7_75t_SL)
     1    0.68                           riscv/dp/rf/_02363_ (net)
                 50.17    0.00 1717.65 v riscv/dp/rf/_07311_/C (OR3x1_ASAP7_75t_SL)
                 12.13   18.56 1736.21 v riscv/dp/rf/_07311_/Y (OR3x1_ASAP7_75t_SL)
     1    0.57                           riscv/dp/rf/_02364_ (net)
                 12.13    0.00 1736.21 v riscv/dp/rf/_07333_/B (AND5x1_ASAP7_75t_SL)
                  6.80   12.35 1748.57 v riscv/dp/rf/_07333_/Y (AND5x1_ASAP7_75t_SL)
     1    0.69                           riscv/dp/rf/_02385_ (net)
                  6.80    0.00 1748.57 v riscv/dp/rf/_07334_/B (AO21x1_ASAP7_75t_SL)
                 33.60   24.25 1772.82 v riscv/dp/rf/_07334_/Y (AO21x1_ASAP7_75t_SL)
     8    7.36                           riscv/dp/srca2[3] (net)
                 33.60    0.00 1772.82 v riscv/dp/alu/_744_/A (INVx1_ASAP7_75t_SL)
                 14.87    9.06 1781.87 ^ riscv/dp/alu/_744_/Y (INVx1_ASAP7_75t_SL)
     1    1.20                           riscv/dp/alu/_368_ (net)
                 14.87    0.00 1781.87 ^ riscv/dp/alu/_807_/A (HAxp5_ASAP7_75t_SL)
                 51.21   40.41 1822.28 ^ riscv/dp/alu/_807_/SN (HAxp5_ASAP7_75t_SL)
     5    4.96                           riscv/dp/alu/_078_ (net)
                 51.21    0.00 1822.28 ^ riscv/dp/alu/_547_/A2 (AO211x2_ASAP7_75t_SL)
                  8.94   18.96 1841.24 ^ riscv/dp/alu/_547_/Y (AO211x2_ASAP7_75t_SL)
     1    0.67                           riscv/dp/alu/_152_ (net)
                  8.94    0.00 1841.24 ^ riscv/dp/alu/_550_/A1 (OA21x2_ASAP7_75t_SL)
                 12.97   15.65 1856.89 ^ riscv/dp/alu/_550_/Y (OA21x2_ASAP7_75t_SL)
     3    3.74                           riscv/dp/alu/_323_ (net)
                 12.97    0.00 1856.89 ^ riscv/dp/alu/_552_/B2 (AO221x1_ASAP7_75t_SL)
                 14.87   15.99 1872.88 ^ riscv/dp/alu/_552_/Y (AO221x1_ASAP7_75t_SL)
     3    1.93                           riscv/dp/alu/_156_ (net)
                 14.87    0.00 1872.88 ^ riscv/dp/alu/_554_/B1 (OA22x2_ASAP7_75t_SL)
                 17.12   18.02 1890.90 ^ riscv/dp/alu/_554_/Y (OA22x2_ASAP7_75t_SL)
     6    5.26                           riscv/dp/alu/_158_ (net)
                 17.12    0.00 1890.90 ^ riscv/dp/alu/_573_/A1 (OAI21x1_ASAP7_75t_SL)
                 16.83    8.67 1899.57 v riscv/dp/alu/_573_/Y (OAI21x1_ASAP7_75t_SL)
     2    3.22                           riscv/dp/alu/_177_ (net)
                 16.83    0.00 1899.57 v riscv/dp/alu/_726_/A (INVx3_ASAP7_75t_SL)
                 10.05    6.41 1905.99 ^ riscv/dp/alu/_726_/Y (INVx3_ASAP7_75t_SL)
     2    3.15                           riscv/dp/alu/_357_ (net)
                 10.05    0.00 1905.99 ^ riscv/dp/alu/_734_/A1 (OA21x2_ASAP7_75t_SL)
                 10.10   14.35 1920.34 ^ riscv/dp/alu/_734_/Y (OA21x2_ASAP7_75t_SL)
     1    2.48                           riscv/dp/alu/_360_ (net)
                 10.10    0.00 1920.34 ^ riscv/dp/alu/_800_/B (FAx1_ASAP7_75t_SL)
                 23.86   11.84 1932.18 v riscv/dp/alu/_800_/CON (FAx1_ASAP7_75t_SL)
     1    1.19                           riscv/dp/alu/_071_ (net)
                 23.86    0.00 1932.18 v riscv/dp/alu/_739_/B (XOR2x2_ASAP7_75t_SL)
                  8.67   21.53 1953.71 ^ riscv/dp/alu/_739_/Y (XOR2x2_ASAP7_75t_SL)
     1    1.37                           riscv/dp/alu/_303_ (net)
                  8.67    0.00 1953.71 ^ riscv/dp/alu/_740_/B2 (OAI22x1_ASAP7_75t_SL)
                 57.84    5.09 1958.80 v riscv/dp/alu/_740_/Y (OAI22x1_ASAP7_75t_SL)
     1    0.58                           riscv/dp/alu/_304_ (net)
                 57.84    0.00 1958.80 v riscv/dp/alu/_741_/C (AO221x1_ASAP7_75t_SL)
                 11.09   22.15 1980.95 v riscv/dp/alu/_741_/Y (AO221x1_ASAP7_75t_SL)
     1    0.69                           riscv/dp/aluout2[31] (net)
                 11.09    0.00 1980.95 v riscv/dp/srccmux/_109_/A2 (AO21x1_ASAP7_75t_SL)
                 70.78   41.59 2022.54 v riscv/dp/srccmux/_109_/Y (AO21x1_ASAP7_75t_SL)
     9   16.55                           dataadr[31] (net)
                 70.78    0.00 2022.54 v dataadr[31] (out)
                               2022.54   data arrival time

                  0.00 1300.00 1300.00   clock clk (rise edge)
                          0.00 1300.00   clock network delay (ideal)
                          0.00 1300.00   clock reconvergence pessimism
                       -162.50 1137.50   output external delay
                               1137.50   data required time
-----------------------------------------------------------------------------
                               1137.50   data required time
                               -2022.54   data arrival time
-----------------------------------------------------------------------------
                               -885.04   slack (VIOLATED)


Startpoint: instr[0] (input port clocked by clk)
Endpoint: riscv/dp/rf/_13308_ (falling edge-triggered flip-flop clocked by clk')
Path Group: in2reg
Path Type: max

Fanout     Cap    Slew   Delay    Time   Description
-----------------------------------------------------------------------------
                  0.00    0.00    0.00   clock clk (rise edge)
                          0.00    0.00   clock network delay (ideal)
                        162.50  162.50 v input external delay
                  0.00    0.00  162.50 v instr[0] (in)
     1    0.68                           instr[0] (net)
                  0.00    0.00  162.50 v pcmux/_041_/A1 (AO21x1_ASAP7_75t_SL)
                 16.70   14.37  176.87 v pcmux/_041_/Y (AO21x1_ASAP7_75t_SL)
     4    3.08                           instr_out[0] (net)
                 16.70    0.00  176.87 v riscv/c/md/_37_/B (NAND2x1_ASAP7_75t_SL)
                 16.03    9.85  186.72 ^ riscv/c/md/_37_/Y (NAND2x1_ASAP7_75t_SL)
     2    1.88                           riscv/c/md/_10_ (net)
                 16.03    0.00  186.72 ^ riscv/c/md/_38_/B (NOR2x1_ASAP7_75t_SL)
                 23.63   12.90  199.62 v riscv/c/md/_38_/Y (NOR2x1_ASAP7_75t_SL)
     6    4.01                           riscv/c/md/_11_ (net)
                 23.63    0.00  199.62 v riscv/c/md/_39_/D (AND4x2_ASAP7_75t_SL)
                 55.13   36.88  236.50 v riscv/c/md/_39_/Y (AND4x2_ASAP7_75t_SL)
    44   25.20                           riscv/imm[2] (net)
                 55.13    0.00  236.50 v riscv/dp/rs1mux/_06_/A (INVx2_ASAP7_75t_SL)
                 22.01   12.69  249.19 ^ riscv/dp/rs1mux/_06_/Y (INVx2_ASAP7_75t_SL)
     5    3.41                           riscv/dp/rs1mux/_00_ (net)
                 22.01    0.00  249.19 ^ riscv/dp/rs1mux/_08_/A2 (AO21x2_ASAP7_75t_SL)
               1325.93  574.27  823.46 ^ riscv/dp/rs1mux/_08_/Y (AO21x2_ASAP7_75t_SL)
   678  534.33                           riscv/dp/rs1[0] (net)
               1325.93    0.00  823.46 ^ riscv/dp/rf/_07012_/A (INVx1_ASAP7_75t_SL)
                885.00  683.20 1506.66 v riscv/dp/rf/_07012_/Y (INVx1_ASAP7_75t_SL)
   201  126.85                           riscv/dp/rf/_02071_ (net)
                885.00    0.00 1506.66 v riscv/dp/rf/_07310_/C (OA211x2_ASAP7_75t_SL)
                 50.17  210.99 1717.65 v riscv/dp/rf/_07310_/Y (OA211x2_ASAP7_75t_SL)
     1    0.68                           riscv/dp/rf/_02363_ (net)
                 50.17    0.00 1717.65 v riscv/dp/rf/_07311_/C (OR3x1_ASAP7_75t_SL)
                 12.13   18.56 1736.21 v riscv/dp/rf/_07311_/Y (OR3x1_ASAP7_75t_SL)
     1    0.57                           riscv/dp/rf/_02364_ (net)
                 12.13    0.00 1736.21 v riscv/dp/rf/_07333_/B (AND5x1_ASAP7_75t_SL)
                  6.80   12.35 1748.57 v riscv/dp/rf/_07333_/Y (AND5x1_ASAP7_75t_SL)
     1    0.69                           riscv/dp/rf/_02385_ (net)
                  6.80    0.00 1748.57 v riscv/dp/rf/_07334_/B (AO21x1_ASAP7_75t_SL)
                 33.60   24.25 1772.82 v riscv/dp/rf/_07334_/Y (AO21x1_ASAP7_75t_SL)
     8    7.36                           riscv/dp/srca2[3] (net)
                 33.60    0.00 1772.82 v riscv/dp/alu/_744_/A (INVx1_ASAP7_75t_SL)
                 14.87    9.06 1781.87 ^ riscv/dp/alu/_744_/Y (INVx1_ASAP7_75t_SL)
     1    1.20                           riscv/dp/alu/_368_ (net)
                 14.87    0.00 1781.87 ^ riscv/dp/alu/_807_/A (HAxp5_ASAP7_75t_SL)
                 51.21   40.41 1822.28 ^ riscv/dp/alu/_807_/SN (HAxp5_ASAP7_75t_SL)
     5    4.96                           riscv/dp/alu/_078_ (net)
                 51.21    0.00 1822.28 ^ riscv/dp/alu/_547_/A2 (AO211x2_ASAP7_75t_SL)
                  8.94   18.96 1841.24 ^ riscv/dp/alu/_547_/Y (AO211x2_ASAP7_75t_SL)
     1    0.67                           riscv/dp/alu/_152_ (net)
                  8.94    0.00 1841.24 ^ riscv/dp/alu/_550_/A1 (OA21x2_ASAP7_75t_SL)
                 12.97   15.65 1856.89 ^ riscv/dp/alu/_550_/Y (OA21x2_ASAP7_75t_SL)
     3    3.74                           riscv/dp/alu/_323_ (net)
                 12.97    0.00 1856.89 ^ riscv/dp/alu/_552_/B2 (AO221x1_ASAP7_75t_SL)
                 14.87   15.99 1872.88 ^ riscv/dp/alu/_552_/Y (AO221x1_ASAP7_75t_SL)
     3    1.93                           riscv/dp/alu/_156_ (net)
                 14.87    0.00 1872.88 ^ riscv/dp/alu/_554_/B1 (OA22x2_ASAP7_75t_SL)
                 17.12   18.02 1890.90 ^ riscv/dp/alu/_554_/Y (OA22x2_ASAP7_75t_SL)
     6    5.26                           riscv/dp/alu/_158_ (net)
                 17.12    0.00 1890.90 ^ riscv/dp/alu/_573_/A1 (OAI21x1_ASAP7_75t_SL)
                 16.83    8.67 1899.57 v riscv/dp/alu/_573_/Y (OAI21x1_ASAP7_75t_SL)
     2    3.22                           riscv/dp/alu/_177_ (net)
                 16.83    0.00 1899.57 v riscv/dp/alu/_726_/A (INVx3_ASAP7_75t_SL)
                 10.05    6.41 1905.99 ^ riscv/dp/alu/_726_/Y (INVx3_ASAP7_75t_SL)
     2    3.15                           riscv/dp/alu/_357_ (net)
                 10.05    0.00 1905.99 ^ riscv/dp/alu/_734_/A1 (OA21x2_ASAP7_75t_SL)
                 10.10   14.35 1920.34 ^ riscv/dp/alu/_734_/Y (OA21x2_ASAP7_75t_SL)
     1    2.48                           riscv/dp/alu/_360_ (net)
                 10.10    0.00 1920.34 ^ riscv/dp/alu/_800_/B (FAx1_ASAP7_75t_SL)
                 23.86   11.84 1932.18 v riscv/dp/alu/_800_/CON (FAx1_ASAP7_75t_SL)
     1    1.19                           riscv/dp/alu/_071_ (net)
                 23.86    0.00 1932.18 v riscv/dp/alu/_739_/B (XOR2x2_ASAP7_75t_SL)
                  9.16   15.84 1948.02 v riscv/dp/alu/_739_/Y (XOR2x2_ASAP7_75t_SL)
     1    1.36                           riscv/dp/alu/_303_ (net)
                  9.16    0.00 1948.02 v riscv/dp/alu/_740_/B2 (OAI22x1_ASAP7_75t_SL)
                 58.93    7.58 1955.60 ^ riscv/dp/alu/_740_/Y (OAI22x1_ASAP7_75t_SL)
     1    0.58                           riscv/dp/alu/_304_ (net)
                 58.93    0.00 1955.60 ^ riscv/dp/alu/_741_/C (AO221x1_ASAP7_75t_SL)
                 11.93   15.25 1970.85 ^ riscv/dp/alu/_741_/Y (AO221x1_ASAP7_75t_SL)
     1    0.69                           riscv/dp/aluout2[31] (net)
                 11.93    0.00 1970.85 ^ riscv/dp/srccmux/_109_/A2 (AO21x1_ASAP7_75t_SL)
                 82.74   43.50 2014.36 ^ riscv/dp/srccmux/_109_/Y (AO21x1_ASAP7_75t_SL)
     9   16.51                           dataadr[31] (net)
                 82.74    0.00 2014.36 ^ dmem/_133_/C (NOR3x2_ASAP7_75t_SL)
                 42.95   24.97 2039.33 v dmem/_133_/Y (NOR3x2_ASAP7_75t_SL)
     3    6.13                           dmem/ce_mem[0] (net)
                 42.95    0.00 2039.33 v dmem/_145_/B2 (AO22x1_ASAP7_75t_SL)
                 10.44   19.28 2058.61 v dmem/_145_/Y (AO22x1_ASAP7_75t_SL)
     1    0.69                           dmem/_006_ (net)
                 10.44    0.00 2058.61 v dmem/_146_/B (AO21x2_ASAP7_75t_SL)
                  9.20   14.16 2072.77 v dmem/_146_/Y (AO21x2_ASAP7_75t_SL)
     3    1.84                           readdata[0] (net)
                  9.20    0.00 2072.77 v riscv/dp/halfbytemux1/_113_/A (AND2x2_ASAP7_75t_SL)
                  6.11   11.10 2083.87 v riscv/dp/halfbytemux1/_113_/Y (AND2x2_ASAP7_75t_SL)
     1    0.69                           riscv/dp/halfbytemux1/_003_ (net)
                  6.11    0.00 2083.87 v riscv/dp/halfbytemux1/_114_/B (AO21x1_ASAP7_75t_SL)
                  7.29   10.69 2094.56 v riscv/dp/halfbytemux1/_114_/Y (AO21x1_ASAP7_75t_SL)
     1    0.69                           riscv/dp/halfbytemux1/_004_ (net)
                  7.29    0.00 2094.56 v riscv/dp/halfbytemux1/_116_/A2 (AO21x1_ASAP7_75t_SL)
                  9.57    9.93 2104.50 v riscv/dp/halfbytemux1/_116_/Y (AO21x1_ASAP7_75t_SL)
     1    0.58                           riscv/dp/readdata4[0] (net)
                  9.57    0.00 2104.50 v riscv/dp/resmux/_040_/A (AND2x2_ASAP7_75t_SL)
                  9.52   11.18 2115.68 v riscv/dp/resmux/_040_/Y (AND2x2_ASAP7_75t_SL)
     1    0.69                           riscv/dp/resmux/_038_ (net)
                  9.52    0.00 2115.68 v riscv/dp/resmux/_041_/B (AO21x1_ASAP7_75t_SL)
                  8.56   11.10 2126.78 v riscv/dp/resmux/_041_/Y (AO21x1_ASAP7_75t_SL)
     1    0.68                           riscv/dp/result[0] (net)
                  8.56    0.00 2126.78 v riscv/dp/storepcmux/_041_/A1 (AO21x1_ASAP7_75t_SL)
                 88.58   50.17 2176.95 v riscv/dp/storepcmux/_041_/Y (AO21x1_ASAP7_75t_SL)
    31   20.95                           riscv/dp/result2[0] (net)
                 88.58    0.00 2176.95 v riscv/dp/rf/_11375_/A1 (AO21x1_ASAP7_75t_SL)
                 14.87   24.72 2201.67 v riscv/dp/rf/_11375_/Y (AO21x1_ASAP7_75t_SL)
     1    0.69                           riscv/dp/rf/_01313_ (net)
                 14.87    0.00 2201.67 v riscv/dp/rf/_13308_/D (DFFLQNx1_ASAP7_75t_SL)
                               2201.67   data arrival time

                  0.00 1300.00 1300.00   clock clk' (fall edge)
                          0.00 1300.00   clock network delay (ideal)
                          0.00 1300.00   clock reconvergence pessimism
                               1300.00 v riscv/dp/rf/_13308_/CLK (DFFLQNx1_ASAP7_75t_SL)
                         -6.64 1293.36   library setup time
                               1293.36   data required time
-----------------------------------------------------------------------------
                               1293.36   data required time
                               -2201.67   data arrival time
-----------------------------------------------------------------------------
                               -908.31   slack (VIOLATED)


Startpoint: riscv/dp/pcreg/_89_ (rising edge-triggered flip-flop clocked by clk)
Endpoint: dataadr[31] (output port clocked by clk)
Path Group: reg2out
Path Type: max

Fanout     Cap    Slew   Delay    Time   Description
-----------------------------------------------------------------------------
                  0.00    0.00    0.00   clock clk (rise edge)
                          0.00    0.00   clock network delay (ideal)
                  0.00    0.00    0.00 ^ riscv/dp/pcreg/_89_/CLK (DFFASRHQNx1_ASAP7_75t_SL)
                 18.85   30.42   30.42 ^ riscv/dp/pcreg/_89_/QN (DFFASRHQNx1_ASAP7_75t_SL)
     1    2.13                           riscv/dp/pcreg/_09_ (net)
                 18.85    0.00   30.42 ^ riscv/dp/pcreg/_44_/A (INVx3_ASAP7_75t_SL)
                 11.69    6.66   37.08 v riscv/dp/pcreg/_44_/Y (INVx3_ASAP7_75t_SL)
     5    4.82                           pc[22] (net)
                 11.69    0.00   37.08 v boot/_16_/C (OR4x1_ASAP7_75t_SL)
                  8.60   17.34   54.42 v boot/_16_/Y (OR4x1_ASAP7_75t_SL)
     1    0.61                           boot/_03_ (net)
                  8.60    0.00   54.42 v boot/_17_/E (OR5x1_ASAP7_75t_SL)
                 12.51   23.16   77.58 v boot/_17_/Y (OR5x1_ASAP7_75t_SL)
     1    1.20                           boot/_04_ (net)
                 12.51    0.00   77.58 v boot/_18_/B (NOR2x1_ASAP7_75t_SL)
                 13.65    8.01   85.59 ^ boot/_18_/Y (NOR2x1_ASAP7_75t_SL)
     3    1.86                           boot/_05_ (net)
                 13.65    0.00   85.59 ^ boot/_27_/B (AND5x1_ASAP7_75t_SL)
                 18.55   23.36  108.96 ^ boot/_27_/Y (AND5x1_ASAP7_75t_SL)
     4    2.51                           instr_int[17] (net)
                 18.55    0.00  108.96 ^ pcmux/_054_/B (AND2x2_ASAP7_75t_SL)
                  6.65   11.85  120.80 ^ pcmux/_054_/Y (AND2x2_ASAP7_75t_SL)
     1    0.69                           pcmux/_007_ (net)
                  6.65    0.00  120.80 ^ pcmux/_055_/B (AO21x2_ASAP7_75t_SL)
                 16.11   12.98  133.79 ^ pcmux/_055_/Y (AO21x2_ASAP7_75t_SL)
     6    4.53                           instr_out[6] (net)
                 16.11    0.00  133.79 ^ riscv/c/md/_28_/A (INVx1_ASAP7_75t_SL)
                 12.70    7.59  141.38 v riscv/c/md/_28_/Y (INVx1_ASAP7_75t_SL)
     3    2.06                           riscv/c/md/_03_ (net)
                 12.70    0.00  141.38 v riscv/c/md/_39_/B (AND4x2_ASAP7_75t_SL)
                 55.13   34.17  175.55 v riscv/c/md/_39_/Y (AND4x2_ASAP7_75t_SL)
    44   25.20                           riscv/imm[2] (net)
                 55.13    0.00  175.55 v riscv/dp/rs1mux/_06_/A (INVx2_ASAP7_75t_SL)
                 22.01   12.69  188.24 ^ riscv/dp/rs1mux/_06_/Y (INVx2_ASAP7_75t_SL)
     5    3.41                           riscv/dp/rs1mux/_00_ (net)
                 22.01    0.00  188.24 ^ riscv/dp/rs1mux/_08_/A2 (AO21x2_ASAP7_75t_SL)
               1325.93  574.27  762.51 ^ riscv/dp/rs1mux/_08_/Y (AO21x2_ASAP7_75t_SL)
   678  534.33                           riscv/dp/rs1[0] (net)
               1325.93    0.00  762.51 ^ riscv/dp/rf/_07012_/A (INVx1_ASAP7_75t_SL)
                885.00  683.20 1445.72 v riscv/dp/rf/_07012_/Y (INVx1_ASAP7_75t_SL)
   201  126.85                           riscv/dp/rf/_02071_ (net)
                885.00    0.00 1445.72 v riscv/dp/rf/_07310_/C (OA211x2_ASAP7_75t_SL)
                 50.17  210.99 1656.70 v riscv/dp/rf/_07310_/Y (OA211x2_ASAP7_75t_SL)
     1    0.68                           riscv/dp/rf/_02363_ (net)
                 50.17    0.00 1656.70 v riscv/dp/rf/_07311_/C (OR3x1_ASAP7_75t_SL)
                 12.13   18.56 1675.27 v riscv/dp/rf/_07311_/Y (OR3x1_ASAP7_75t_SL)
     1    0.57                           riscv/dp/rf/_02364_ (net)
                 12.13    0.00 1675.27 v riscv/dp/rf/_07333_/B (AND5x1_ASAP7_75t_SL)
                  6.80   12.35 1687.62 v riscv/dp/rf/_07333_/Y (AND5x1_ASAP7_75t_SL)
     1    0.69                           riscv/dp/rf/_02385_ (net)
                  6.80    0.00 1687.62 v riscv/dp/rf/_07334_/B (AO21x1_ASAP7_75t_SL)
                 33.60   24.25 1711.87 v riscv/dp/rf/_07334_/Y (AO21x1_ASAP7_75t_SL)
     8    7.36                           riscv/dp/srca2[3] (net)
                 33.60    0.00 1711.87 v riscv/dp/alu/_744_/A (INVx1_ASAP7_75t_SL)
                 14.87    9.06 1720.93 ^ riscv/dp/alu/_744_/Y (INVx1_ASAP7_75t_SL)
     1    1.20                           riscv/dp/alu/_368_ (net)
                 14.87    0.00 1720.93 ^ riscv/dp/alu/_807_/A (HAxp5_ASAP7_75t_SL)
                 51.21   40.41 1761.33 ^ riscv/dp/alu/_807_/SN (HAxp5_ASAP7_75t_SL)
     5    4.96                           riscv/dp/alu/_078_ (net)
                 51.21    0.00 1761.33 ^ riscv/dp/alu/_547_/A2 (AO211x2_ASAP7_75t_SL)
                  8.94   18.96 1780.29 ^ riscv/dp/alu/_547_/Y (AO211x2_ASAP7_75t_SL)
     1    0.67                           riscv/dp/alu/_152_ (net)
                  8.94    0.00 1780.29 ^ riscv/dp/alu/_550_/A1 (OA21x2_ASAP7_75t_SL)
                 12.97   15.65 1795.94 ^ riscv/dp/alu/_550_/Y (OA21x2_ASAP7_75t_SL)
     3    3.74                           riscv/dp/alu/_323_ (net)
                 12.97    0.00 1795.94 ^ riscv/dp/alu/_552_/B2 (AO221x1_ASAP7_75t_SL)
                 14.87   15.99 1811.93 ^ riscv/dp/alu/_552_/Y (AO221x1_ASAP7_75t_SL)
     3    1.93                           riscv/dp/alu/_156_ (net)
                 14.87    0.00 1811.93 ^ riscv/dp/alu/_554_/B1 (OA22x2_ASAP7_75t_SL)
                 17.12   18.02 1829.95 ^ riscv/dp/alu/_554_/Y (OA22x2_ASAP7_75t_SL)
     6    5.26                           riscv/dp/alu/_158_ (net)
                 17.12    0.00 1829.95 ^ riscv/dp/alu/_573_/A1 (OAI21x1_ASAP7_75t_SL)
                 16.83    8.67 1838.63 v riscv/dp/alu/_573_/Y (OAI21x1_ASAP7_75t_SL)
     2    3.22                           riscv/dp/alu/_177_ (net)
                 16.83    0.00 1838.63 v riscv/dp/alu/_726_/A (INVx3_ASAP7_75t_SL)
                 10.05    6.41 1845.04 ^ riscv/dp/alu/_726_/Y (INVx3_ASAP7_75t_SL)
     2    3.15                           riscv/dp/alu/_357_ (net)
                 10.05    0.00 1845.04 ^ riscv/dp/alu/_734_/A1 (OA21x2_ASAP7_75t_SL)
                 10.10   14.35 1859.39 ^ riscv/dp/alu/_734_/Y (OA21x2_ASAP7_75t_SL)
     1    2.48                           riscv/dp/alu/_360_ (net)
                 10.10    0.00 1859.39 ^ riscv/dp/alu/_800_/B (FAx1_ASAP7_75t_SL)
                 23.86   11.84 1871.24 v riscv/dp/alu/_800_/CON (FAx1_ASAP7_75t_SL)
     1    1.19                           riscv/dp/alu/_071_ (net)
                 23.86    0.00 1871.24 v riscv/dp/alu/_739_/B (XOR2x2_ASAP7_75t_SL)
                  8.67   21.53 1892.76 ^ riscv/dp/alu/_739_/Y (XOR2x2_ASAP7_75t_SL)
     1    1.37                           riscv/dp/alu/_303_ (net)
                  8.67    0.00 1892.76 ^ riscv/dp/alu/_740_/B2 (OAI22x1_ASAP7_75t_SL)
                 57.84    5.09 1897.85 v riscv/dp/alu/_740_/Y (OAI22x1_ASAP7_75t_SL)
     1    0.58                           riscv/dp/alu/_304_ (net)
                 57.84    0.00 1897.85 v riscv/dp/alu/_741_/C (AO221x1_ASAP7_75t_SL)
                 11.09   22.15 1920.01 v riscv/dp/alu/_741_/Y (AO221x1_ASAP7_75t_SL)
     1    0.69                           riscv/dp/aluout2[31] (net)
                 11.09    0.00 1920.01 v riscv/dp/srccmux/_109_/A2 (AO21x1_ASAP7_75t_SL)
                 70.78   41.59 1961.59 v riscv/dp/srccmux/_109_/Y (AO21x1_ASAP7_75t_SL)
     9   16.55                           dataadr[31] (net)
                 70.78    0.00 1961.59 v dataadr[31] (out)
                               1961.59   data arrival time

                  0.00 1300.00 1300.00   clock clk (rise edge)
                          0.00 1300.00   clock network delay (ideal)
                          0.00 1300.00   clock reconvergence pessimism
                       -162.50 1137.50   output external delay
                               1137.50   data required time
-----------------------------------------------------------------------------
                               1137.50   data required time
                               -1961.59   data arrival time
-----------------------------------------------------------------------------
                               -824.09   slack (VIOLATED)


Startpoint: riscv/dp/pcreg/_89_ (rising edge-triggered flip-flop clocked by clk)
Endpoint: riscv/dp/rf/_13308_ (falling edge-triggered flip-flop clocked by clk')
Path Group: reg2reg
Path Type: max

Fanout     Cap    Slew   Delay    Time   Description
-----------------------------------------------------------------------------
                  0.00    0.00    0.00   clock clk (rise edge)
                          0.00    0.00   clock network delay (ideal)
                  0.00    0.00    0.00 ^ riscv/dp/pcreg/_89_/CLK (DFFASRHQNx1_ASAP7_75t_SL)
                 18.85   30.42   30.42 ^ riscv/dp/pcreg/_89_/QN (DFFASRHQNx1_ASAP7_75t_SL)
     1    2.13                           riscv/dp/pcreg/_09_ (net)
                 18.85    0.00   30.42 ^ riscv/dp/pcreg/_44_/A (INVx3_ASAP7_75t_SL)
                 11.69    6.66   37.08 v riscv/dp/pcreg/_44_/Y (INVx3_ASAP7_75t_SL)
     5    4.82                           pc[22] (net)
                 11.69    0.00   37.08 v boot/_16_/C (OR4x1_ASAP7_75t_SL)
                  8.60   17.34   54.42 v boot/_16_/Y (OR4x1_ASAP7_75t_SL)
     1    0.61                           boot/_03_ (net)
                  8.60    0.00   54.42 v boot/_17_/E (OR5x1_ASAP7_75t_SL)
                 12.51   23.16   77.58 v boot/_17_/Y (OR5x1_ASAP7_75t_SL)
     1    1.20                           boot/_04_ (net)
                 12.51    0.00   77.58 v boot/_18_/B (NOR2x1_ASAP7_75t_SL)
                 13.65    8.01   85.59 ^ boot/_18_/Y (NOR2x1_ASAP7_75t_SL)
     3    1.86                           boot/_05_ (net)
                 13.65    0.00   85.59 ^ boot/_27_/B (AND5x1_ASAP7_75t_SL)
                 18.55   23.36  108.96 ^ boot/_27_/Y (AND5x1_ASAP7_75t_SL)
     4    2.51                           instr_int[17] (net)
                 18.55    0.00  108.96 ^ pcmux/_054_/B (AND2x2_ASAP7_75t_SL)
                  6.65   11.85  120.80 ^ pcmux/_054_/Y (AND2x2_ASAP7_75t_SL)
     1    0.69                           pcmux/_007_ (net)
                  6.65    0.00  120.80 ^ pcmux/_055_/B (AO21x2_ASAP7_75t_SL)
                 16.11   12.98  133.79 ^ pcmux/_055_/Y (AO21x2_ASAP7_75t_SL)
     6    4.53                           instr_out[6] (net)
                 16.11    0.00  133.79 ^ riscv/c/md/_28_/A (INVx1_ASAP7_75t_SL)
                 12.70    7.59  141.38 v riscv/c/md/_28_/Y (INVx1_ASAP7_75t_SL)
     3    2.06                           riscv/c/md/_03_ (net)
                 12.70    0.00  141.38 v riscv/c/md/_39_/B (AND4x2_ASAP7_75t_SL)
                 55.13   34.17  175.55 v riscv/c/md/_39_/Y (AND4x2_ASAP7_75t_SL)
    44   25.20                           riscv/imm[2] (net)
                 55.13    0.00  175.55 v riscv/dp/rs1mux/_06_/A (INVx2_ASAP7_75t_SL)
                 22.01   12.69  188.24 ^ riscv/dp/rs1mux/_06_/Y (INVx2_ASAP7_75t_SL)
     5    3.41                           riscv/dp/rs1mux/_00_ (net)
                 22.01    0.00  188.24 ^ riscv/dp/rs1mux/_08_/A2 (AO21x2_ASAP7_75t_SL)
               1325.93  574.27  762.51 ^ riscv/dp/rs1mux/_08_/Y (AO21x2_ASAP7_75t_SL)
   678  534.33                           riscv/dp/rs1[0] (net)
               1325.93    0.00  762.51 ^ riscv/dp/rf/_07012_/A (INVx1_ASAP7_75t_SL)
                885.00  683.20 1445.72 v riscv/dp/rf/_07012_/Y (INVx1_ASAP7_75t_SL)
   201  126.85                           riscv/dp/rf/_02071_ (net)
                885.00    0.00 1445.72 v riscv/dp/rf/_07310_/C (OA211x2_ASAP7_75t_SL)
                 50.17  210.99 1656.70 v riscv/dp/rf/_07310_/Y (OA211x2_ASAP7_75t_SL)
     1    0.68                           riscv/dp/rf/_02363_ (net)
                 50.17    0.00 1656.70 v riscv/dp/rf/_07311_/C (OR3x1_ASAP7_75t_SL)
                 12.13   18.56 1675.27 v riscv/dp/rf/_07311_/Y (OR3x1_ASAP7_75t_SL)
     1    0.57                           riscv/dp/rf/_02364_ (net)
                 12.13    0.00 1675.27 v riscv/dp/rf/_07333_/B (AND5x1_ASAP7_75t_SL)
                  6.80   12.35 1687.62 v riscv/dp/rf/_07333_/Y (AND5x1_ASAP7_75t_SL)
     1    0.69                           riscv/dp/rf/_02385_ (net)
                  6.80    0.00 1687.62 v riscv/dp/rf/_07334_/B (AO21x1_ASAP7_75t_SL)
                 33.60   24.25 1711.87 v riscv/dp/rf/_07334_/Y (AO21x1_ASAP7_75t_SL)
     8    7.36                           riscv/dp/srca2[3] (net)
                 33.60    0.00 1711.87 v riscv/dp/alu/_744_/A (INVx1_ASAP7_75t_SL)
                 14.87    9.06 1720.93 ^ riscv/dp/alu/_744_/Y (INVx1_ASAP7_75t_SL)
     1    1.20                           riscv/dp/alu/_368_ (net)
                 14.87    0.00 1720.93 ^ riscv/dp/alu/_807_/A (HAxp5_ASAP7_75t_SL)
                 51.21   40.41 1761.33 ^ riscv/dp/alu/_807_/SN (HAxp5_ASAP7_75t_SL)
     5    4.96                           riscv/dp/alu/_078_ (net)
                 51.21    0.00 1761.33 ^ riscv/dp/alu/_547_/A2 (AO211x2_ASAP7_75t_SL)
                  8.94   18.96 1780.29 ^ riscv/dp/alu/_547_/Y (AO211x2_ASAP7_75t_SL)
     1    0.67                           riscv/dp/alu/_152_ (net)
                  8.94    0.00 1780.29 ^ riscv/dp/alu/_550_/A1 (OA21x2_ASAP7_75t_SL)
                 12.97   15.65 1795.94 ^ riscv/dp/alu/_550_/Y (OA21x2_ASAP7_75t_SL)
     3    3.74                           riscv/dp/alu/_323_ (net)
                 12.97    0.00 1795.94 ^ riscv/dp/alu/_552_/B2 (AO221x1_ASAP7_75t_SL)
                 14.87   15.99 1811.93 ^ riscv/dp/alu/_552_/Y (AO221x1_ASAP7_75t_SL)
     3    1.93                           riscv/dp/alu/_156_ (net)
                 14.87    0.00 1811.93 ^ riscv/dp/alu/_554_/B1 (OA22x2_ASAP7_75t_SL)
                 17.12   18.02 1829.95 ^ riscv/dp/alu/_554_/Y (OA22x2_ASAP7_75t_SL)
     6    5.26                           riscv/dp/alu/_158_ (net)
                 17.12    0.00 1829.95 ^ riscv/dp/alu/_573_/A1 (OAI21x1_ASAP7_75t_SL)
                 16.83    8.67 1838.63 v riscv/dp/alu/_573_/Y (OAI21x1_ASAP7_75t_SL)
     2    3.22                           riscv/dp/alu/_177_ (net)
                 16.83    0.00 1838.63 v riscv/dp/alu/_726_/A (INVx3_ASAP7_75t_SL)
                 10.05    6.41 1845.04 ^ riscv/dp/alu/_726_/Y (INVx3_ASAP7_75t_SL)
     2    3.15                           riscv/dp/alu/_357_ (net)
                 10.05    0.00 1845.04 ^ riscv/dp/alu/_734_/A1 (OA21x2_ASAP7_75t_SL)
                 10.10   14.35 1859.39 ^ riscv/dp/alu/_734_/Y (OA21x2_ASAP7_75t_SL)
     1    2.48                           riscv/dp/alu/_360_ (net)
                 10.10    0.00 1859.39 ^ riscv/dp/alu/_800_/B (FAx1_ASAP7_75t_SL)
                 23.86   11.84 1871.24 v riscv/dp/alu/_800_/CON (FAx1_ASAP7_75t_SL)
     1    1.19                           riscv/dp/alu/_071_ (net)
                 23.86    0.00 1871.24 v riscv/dp/alu/_739_/B (XOR2x2_ASAP7_75t_SL)
                  9.16   15.84 1887.07 v riscv/dp/alu/_739_/Y (XOR2x2_ASAP7_75t_SL)
     1    1.36                           riscv/dp/alu/_303_ (net)
                  9.16    0.00 1887.07 v riscv/dp/alu/_740_/B2 (OAI22x1_ASAP7_75t_SL)
                 58.93    7.58 1894.65 ^ riscv/dp/alu/_740_/Y (OAI22x1_ASAP7_75t_SL)
     1    0.58                           riscv/dp/alu/_304_ (net)
                 58.93    0.00 1894.65 ^ riscv/dp/alu/_741_/C (AO221x1_ASAP7_75t_SL)
                 11.93   15.25 1909.91 ^ riscv/dp/alu/_741_/Y (AO221x1_ASAP7_75t_SL)
     1    0.69                           riscv/dp/aluout2[31] (net)
                 11.93    0.00 1909.91 ^ riscv/dp/srccmux/_109_/A2 (AO21x1_ASAP7_75t_SL)
                 82.74   43.50 1953.41 ^ riscv/dp/srccmux/_109_/Y (AO21x1_ASAP7_75t_SL)
     9   16.51                           dataadr[31] (net)
                 82.74    0.00 1953.41 ^ dmem/_133_/C (NOR3x2_ASAP7_75t_SL)
                 42.95   24.97 1978.38 v dmem/_133_/Y (NOR3x2_ASAP7_75t_SL)
     3    6.13                           dmem/ce_mem[0] (net)
                 42.95    0.00 1978.38 v dmem/_145_/B2 (AO22x1_ASAP7_75t_SL)
                 10.44   19.28 1997.66 v dmem/_145_/Y (AO22x1_ASAP7_75t_SL)
     1    0.69                           dmem/_006_ (net)
                 10.44    0.00 1997.66 v dmem/_146_/B (AO21x2_ASAP7_75t_SL)
                  9.20   14.16 2011.83 v dmem/_146_/Y (AO21x2_ASAP7_75t_SL)
     3    1.84                           readdata[0] (net)
                  9.20    0.00 2011.83 v riscv/dp/halfbytemux1/_113_/A (AND2x2_ASAP7_75t_SL)
                  6.11   11.10 2022.92 v riscv/dp/halfbytemux1/_113_/Y (AND2x2_ASAP7_75t_SL)
     1    0.69                           riscv/dp/halfbytemux1/_003_ (net)
                  6.11    0.00 2022.92 v riscv/dp/halfbytemux1/_114_/B (AO21x1_ASAP7_75t_SL)
                  7.29   10.69 2033.61 v riscv/dp/halfbytemux1/_114_/Y (AO21x1_ASAP7_75t_SL)
     1    0.69                           riscv/dp/halfbytemux1/_004_ (net)
                  7.29    0.00 2033.61 v riscv/dp/halfbytemux1/_116_/A2 (AO21x1_ASAP7_75t_SL)
                  9.57    9.93 2043.55 v riscv/dp/halfbytemux1/_116_/Y (AO21x1_ASAP7_75t_SL)
     1    0.58                           riscv/dp/readdata4[0] (net)
                  9.57    0.00 2043.55 v riscv/dp/resmux/_040_/A (AND2x2_ASAP7_75t_SL)
                  9.52   11.18 2054.73 v riscv/dp/resmux/_040_/Y (AND2x2_ASAP7_75t_SL)
     1    0.69                           riscv/dp/resmux/_038_ (net)
                  9.52    0.00 2054.73 v riscv/dp/resmux/_041_/B (AO21x1_ASAP7_75t_SL)
                  8.56   11.10 2065.84 v riscv/dp/resmux/_041_/Y (AO21x1_ASAP7_75t_SL)
     1    0.68                           riscv/dp/result[0] (net)
                  8.56    0.00 2065.84 v riscv/dp/storepcmux/_041_/A1 (AO21x1_ASAP7_75t_SL)
                 88.58   50.17 2116.01 v riscv/dp/storepcmux/_041_/Y (AO21x1_ASAP7_75t_SL)
    31   20.95                           riscv/dp/result2[0] (net)
                 88.58    0.00 2116.01 v riscv/dp/rf/_11375_/A1 (AO21x1_ASAP7_75t_SL)
                 14.87   24.72 2140.72 v riscv/dp/rf/_11375_/Y (AO21x1_ASAP7_75t_SL)
     1    0.69                           riscv/dp/rf/_01313_ (net)
                 14.87    0.00 2140.72 v riscv/dp/rf/_13308_/D (DFFLQNx1_ASAP7_75t_SL)
                               2140.72   data arrival time

                  0.00 1300.00 1300.00   clock clk' (fall edge)
                          0.00 1300.00   clock network delay (ideal)
                          0.00 1300.00   clock reconvergence pessimism
                               1300.00 v riscv/dp/rf/_13308_/CLK (DFFLQNx1_ASAP7_75t_SL)
                         -6.64 1293.36   library setup time
                               1293.36   data required time
-----------------------------------------------------------------------------
                               1293.36   data required time
                               -2140.72   data arrival time
-----------------------------------------------------------------------------
                               -847.36   slack (VIOLATED)



==========================================================================
floorplan final report_power
--------------------------------------------------------------------------
Group                  Internal  Switching    Leakage      Total
                          Power      Power      Power      Power (Watts)
----------------------------------------------------------------
Sequential             1.36e-03   6.54e-05   1.52e-05   1.44e-03  13.3%
Combinational          8.47e-03   3.23e-04   5.75e-04   9.37e-03  86.7%
Macro                  0.00e+00   0.00e+00   0.00e+00   0.00e+00   0.0%
Pad                    0.00e+00   0.00e+00   0.00e+00   0.00e+00   0.0%
----------------------------------------------------------------
Total                  9.83e-03   3.89e-04   5.90e-04   1.08e-02 100.0%
                          90.9%       3.6%       5.5%

==========================================================================
floorplan final report_design_area
--------------------------------------------------------------------------
Design area 2192 u^2 20% utilization.

Elapsed time: 0:04.55[h:]min:sec. CPU time: user 4.45 sys 0.07 (99%). Peak memory: 218668KB.
